[setup_beverin] data check via download_data.sh
[E5 download] bin/ already populated -- skip.
[E5 beverin] host=nid002958 threads=96
Loading data...
Threads: 96 

=== nthreads=96 ===

--- blocksize=1 ---
  baseline_aos PASSED
  eigts_t_aos PASSED
  sorted_aos PASSED
  baseline_soa PASSED
  eigts_t_soa PASSED
  sorted_soa PASSED

--- blocksize=2 ---
  baseline_aos PASSED
  eigts_t_aos PASSED
  sorted_aos PASSED
  baseline_soa PASSED
  eigts_t_soa PASSED
  sorted_soa PASSED

--- blocksize=4 ---
  baseline_aos PASSED
  eigts_t_aos PASSED
  sorted_aos PASSED
  baseline_soa PASSED
  eigts_t_soa PASSED
  sorted_soa PASSED

--- blocksize=8 ---
  baseline_aos PASSED
  eigts_t_aos PASSED
  sorted_aos PASSED
  baseline_soa PASSED
  eigts_t_soa PASSED
  sorted_soa PASSED

--- blocksize=16 ---
  baseline_aos PASSED
  eigts_t_aos PASSED
  sorted_aos PASSED
  baseline_soa PASSED
  eigts_t_soa PASSED
  sorted_soa PASSED

--- blocksize=32 ---
  baseline_aos PASSED
  eigts_t_aos PASSED
  sorted_aos PASSED
  baseline_soa PASSED
  eigts_t_soa PASSED
  sorted_soa PASSED

--- blocksize=64 ---
  baseline_aos PASSED
  eigts_t_aos PASSED
  sorted_aos PASSED
  baseline_soa PASSED
  eigts_t_soa PASSED
  sorted_soa PASSED

--- blocksize=128 ---
  baseline_aos PASSED
  eigts_t_aos PASSED
  sorted_aos PASSED
  baseline_soa PASSED
  eigts_t_soa PASSED
  sorted_soa PASSED

--- blocksize=256 ---
  baseline_aos PASSED
  eigts_t_aos PASSED
  sorted_aos PASSED
  baseline_soa PASSED
  eigts_t_soa PASSED
  sorted_soa PASSED

Done. CSV: addusxx_cpu_sweep.csv
Loading data...

=== GPU SWEEP: variant x tblock x coarsen x unroll ===
variant                            tblock   cf  median_ms ok
------------------------------------------------------------
gpu_baseline_aos                       32    1     0.7088 PASS
gpu_baseline_aos_u                     32    1     0.7083 PASS
gpu_eigts_t_aos                        32    1     0.6987 PASS
gpu_eigts_t_aos_u                      32    1     0.6990 PASS
gpu_shared_bec_aos                     32    1     0.7072 PASS
gpu_shared_bec_aos_u                   32    1     0.7076 PASS
gpu_optimized_aos                      32    1     2.8646 PASS
gpu_optimized_aos_u                    32    1     2.8836 PASS
gpu_baseline_soa                       32    1     0.7710 PASS
gpu_baseline_soa_u                     32    1     0.7690 PASS
gpu_eigts_t_soa                        32    1     0.7589 PASS
gpu_eigts_t_soa_u                      32    1     0.7582 PASS
gpu_shared_bec_soa                     32    1     0.7511 PASS
gpu_shared_bec_soa_u                   32    1     0.7517 PASS
gpu_optimized_soa                      32    1     6.7412 PASS
gpu_optimized_soa_u                    32    1     6.7383 PASS
gpu_baseline_aos                       32    2     1.2331 PASS
gpu_baseline_aos_u                     32    2     1.2330 PASS
gpu_eigts_t_aos                        32    2     1.2266 PASS
gpu_eigts_t_aos_u                      32    2     1.2269 PASS
gpu_shared_bec_aos                     32    2     1.2591 PASS
gpu_shared_bec_aos_u                   32    2     1.2596 PASS
gpu_optimized_aos                      32    2     2.3424 PASS
gpu_optimized_aos_u                    32    2     2.3447 PASS
gpu_baseline_soa                       32    2     1.3291 PASS
gpu_baseline_soa_u                     32    2     1.3292 PASS
gpu_eigts_t_soa                        32    2     1.3092 PASS
gpu_eigts_t_soa_u                      32    2     1.3100 PASS
gpu_shared_bec_soa                     32    2     1.3020 PASS
gpu_shared_bec_soa_u                   32    2     1.3015 PASS
gpu_optimized_soa                      32    2     5.4292 PASS
gpu_optimized_soa_u                    32    2     5.4448 PASS
gpu_baseline_aos                       32    4     2.3863 PASS
gpu_baseline_aos_u                     32    4     2.3761 PASS
gpu_eigts_t_aos                        32    4     2.3952 PASS
gpu_eigts_t_aos_u                      32    4     2.3690 PASS
gpu_shared_bec_aos                     32    4     2.4331 PASS
gpu_shared_bec_aos_u                   32    4     2.4337 PASS
gpu_optimized_aos                      32    4     3.4534 PASS
gpu_optimized_aos_u                    32    4     3.4521 PASS
gpu_baseline_soa                       32    4     2.5465 PASS
gpu_baseline_soa_u                     32    4     2.5186 PASS
gpu_eigts_t_soa                        32    4     2.5042 PASS
gpu_eigts_t_soa_u                      32    4     2.5104 PASS
gpu_shared_bec_soa                     32    4     2.4691 PASS
gpu_shared_bec_soa_u                   32    4     2.4677 PASS
gpu_optimized_soa                      32    4     6.2958 PASS
gpu_optimized_soa_u                    32    4     6.2976 PASS
gpu_baseline_aos                       32    8     4.8873 PASS
gpu_baseline_aos_u                     32    8     4.8719 PASS
gpu_eigts_t_aos                        32    8     4.9127 PASS
gpu_eigts_t_aos_u                      32    8     4.8579 PASS
gpu_shared_bec_aos                     32    8     4.9907 PASS
gpu_shared_bec_aos_u                   32    8     4.9918 PASS
gpu_optimized_aos                      32    8     3.5343 PASS
gpu_optimized_aos_u                    32    8     3.5550 PASS
gpu_baseline_soa                       32    8     5.0369 PASS
gpu_baseline_soa_u                     32    8     4.9870 PASS
gpu_eigts_t_soa                        32    8     4.9628 PASS
gpu_eigts_t_soa_u                      32    8     4.9800 PASS
gpu_shared_bec_soa                     32    8     4.9815 PASS
gpu_shared_bec_soa_u                   32    8     4.9340 PASS
gpu_optimized_soa                      32    8     8.7938 PASS
gpu_optimized_soa_u                    32    8     8.8095 PASS
gpu_baseline_aos                       32   16     9.1037 PASS
gpu_baseline_aos_u                     32   16     9.0769 PASS
gpu_eigts_t_aos                        32   16     9.1636 PASS
gpu_eigts_t_aos_u                      32   16     9.0536 PASS
gpu_shared_bec_aos                     32   16     9.5559 PASS
gpu_shared_bec_aos_u                   32   16     9.5545 PASS
gpu_optimized_aos                      32   16     6.5234 PASS
gpu_optimized_aos_u                    32   16     6.5637 PASS
gpu_baseline_soa                       32   16    10.6683 PASS
gpu_baseline_soa_u                     32   16    10.5711 PASS
gpu_eigts_t_soa                        32   16    10.5253 PASS
gpu_eigts_t_soa_u                      32   16    10.5639 PASS
gpu_shared_bec_soa                     32   16    10.5617 PASS
gpu_shared_bec_soa_u                   32   16    10.7013 PASS
gpu_optimized_soa                      32   16    17.2893 PASS
gpu_optimized_soa_u                    32   16    17.3574 PASS
gpu_baseline_aos                       64    1     0.6796 PASS
gpu_baseline_aos_u                     64    1     0.6799 PASS
gpu_eigts_t_aos                        64    1     0.6695 PASS
gpu_eigts_t_aos_u                      64    1     0.6690 PASS
gpu_shared_bec_aos                     64    1     0.6866 PASS
gpu_shared_bec_aos_u                   64    1     0.6866 PASS
gpu_optimized_aos                      64    1     2.7177 PASS
gpu_optimized_aos_u                    64    1     2.7269 PASS
gpu_baseline_soa                       64    1     0.7245 PASS
gpu_baseline_soa_u                     64    1     0.7230 PASS
gpu_eigts_t_soa                        64    1     0.7158 PASS
gpu_eigts_t_soa_u                      64    1     0.7163 PASS
gpu_shared_bec_soa                     64    1     0.7026 PASS
gpu_shared_bec_soa_u                   64    1     0.7017 PASS
gpu_optimized_soa                      64    1     5.6639 PASS
gpu_optimized_soa_u                    64    1     5.6628 PASS
gpu_baseline_aos                       64    2     1.2322 PASS
gpu_baseline_aos_u                     64    2     1.2311 PASS
gpu_eigts_t_aos                        64    2     1.2230 PASS
gpu_eigts_t_aos_u                      64    2     1.2234 PASS
gpu_shared_bec_aos                     64    2     1.2595 PASS
gpu_shared_bec_aos_u                   64    2     1.2596 PASS
gpu_optimized_aos                      64    2     2.6144 PASS
gpu_optimized_aos_u                    64    2     2.6134 PASS
gpu_baseline_soa                       64    2     1.3283 PASS
gpu_baseline_soa_u                     64    2     1.3265 PASS
gpu_eigts_t_soa                        64    2     1.3052 PASS
gpu_eigts_t_soa_u                      64    2     1.3066 PASS
gpu_shared_bec_soa                     64    2     1.2974 PASS
gpu_shared_bec_soa_u                   64    2     1.2974 PASS
gpu_optimized_soa                      64    2     5.4208 PASS
gpu_optimized_soa_u                    64    2     5.4249 PASS
gpu_baseline_aos                       64    4     2.4961 PASS
gpu_baseline_aos_u                     64    4     2.4874 PASS
gpu_eigts_t_aos                        64    4     2.5049 PASS
gpu_eigts_t_aos_u                      64    4     2.4776 PASS
gpu_shared_bec_aos                     64    4     2.5437 PASS
gpu_shared_bec_aos_u                   64    4     2.5435 PASS
gpu_optimized_aos                      64    4     4.7487 PASS
gpu_optimized_aos_u                    64    4     4.7460 PASS
gpu_baseline_soa                       64    4     2.5575 PASS
gpu_baseline_soa_u                     64    4     2.5292 PASS
gpu_eigts_t_soa                        64    4     2.5158 PASS
gpu_eigts_t_soa_u                      64    4     2.5210 PASS
gpu_shared_bec_soa                     64    4     2.4893 PASS
gpu_shared_bec_soa_u                   64    4     2.4893 PASS
gpu_optimized_soa                      64    4     8.1054 PASS
gpu_optimized_soa_u                    64    4     8.1135 PASS
gpu_baseline_aos                       64    8     5.3397 PASS
gpu_baseline_aos_u                     64    8     5.3237 PASS
gpu_eigts_t_aos                        64    8     5.3644 PASS
gpu_eigts_t_aos_u                      64    8     5.3108 PASS
gpu_shared_bec_aos                     64    8     5.4381 PASS
gpu_shared_bec_aos_u                   64    8     5.4385 PASS
gpu_optimized_aos                      64    8     7.6541 PASS
gpu_optimized_aos_u                    64    8     7.6766 PASS
gpu_baseline_soa                       64    8     5.3716 PASS
gpu_baseline_soa_u                     64    8     5.3202 PASS
gpu_eigts_t_soa                        64    8     5.2945 PASS
gpu_eigts_t_soa_u                      64    8     5.3121 PASS
gpu_shared_bec_soa                     64    8     5.3152 PASS
gpu_shared_bec_soa_u                   64    8     5.2694 PASS
gpu_optimized_soa                      64    8    13.0050 PASS
gpu_optimized_soa_u                    64    8    13.0316 PASS
gpu_baseline_aos                       64   16     9.8905 PASS
gpu_baseline_aos_u                     64   16     9.8593 PASS
gpu_eigts_t_aos                        64   16     9.9350 PASS
gpu_eigts_t_aos_u                      64   16     9.8261 PASS
gpu_shared_bec_aos                     64   16    10.3263 PASS
gpu_shared_bec_aos_u                   64   16    10.3267 PASS
gpu_optimized_aos                      64   16    14.7477 PASS
gpu_optimized_aos_u                    64   16    14.7822 PASS
gpu_baseline_soa                       64   16    11.8200 PASS
gpu_baseline_soa_u                     64   16    11.7217 PASS
gpu_eigts_t_soa                        64   16    11.6812 PASS
gpu_eigts_t_soa_u                      64   16    11.7146 PASS
gpu_shared_bec_soa                     64   16    11.7122 PASS
gpu_shared_bec_soa_u                   64   16    11.8754 PASS
gpu_optimized_soa                      64   16    25.5356 PASS
gpu_optimized_soa_u                    64   16    25.5755 PASS
gpu_baseline_aos                      128    1     0.6780 PASS
gpu_baseline_aos_u                    128    1     0.6783 PASS
gpu_eigts_t_aos                       128    1     0.6686 PASS
gpu_eigts_t_aos_u                     128    1     0.6689 PASS
gpu_shared_bec_aos                    128    1     0.6864 PASS
gpu_shared_bec_aos_u                  128    1     0.6865 PASS
gpu_optimized_aos                     128    1     2.7287 PASS
gpu_optimized_aos_u                   128    1     2.7399 PASS
gpu_baseline_soa                      128    1     0.7191 PASS
gpu_baseline_soa_u                    128    1     0.7170 PASS
gpu_eigts_t_soa                       128    1     0.7117 PASS
gpu_eigts_t_soa_u                     128    1     0.7104 PASS
gpu_shared_bec_soa                    128    1     0.6948 PASS
gpu_shared_bec_soa_u                  128    1     0.6954 PASS
gpu_optimized_soa                     128    1     5.8225 PASS
gpu_optimized_soa_u                   128    1     5.8235 PASS
gpu_baseline_aos                      128    2     1.2287 PASS
gpu_baseline_aos_u                    128    2     1.2279 PASS
gpu_eigts_t_aos                       128    2     1.2191 PASS
gpu_eigts_t_aos_u                     128    2     1.2189 PASS
gpu_shared_bec_aos                    128    2     1.2539 PASS
gpu_shared_bec_aos_u                  128    2     1.2539 PASS
gpu_optimized_aos                     128    2     2.5556 PASS
gpu_optimized_aos_u                   128    2     2.5551 PASS
gpu_baseline_soa                      128    2     1.3044 PASS
gpu_baseline_soa_u                    128    2     1.3037 PASS
gpu_eigts_t_soa                       128    2     1.2811 PASS
gpu_eigts_t_soa_u                     128    2     1.2809 PASS
gpu_shared_bec_soa                    128    2     1.2669 PASS
gpu_shared_bec_soa_u                  128    2     1.2671 PASS
gpu_optimized_soa                     128    2     5.3411 PASS
gpu_optimized_soa_u                   128    2     5.3409 PASS
gpu_baseline_aos                      128    4     2.5173 PASS
gpu_baseline_aos_u                    128    4     2.5065 PASS
gpu_eigts_t_aos                       128    4     2.5246 PASS
gpu_eigts_t_aos_u                     128    4     2.4973 PASS
gpu_shared_bec_aos                    128    4     2.5599 PASS
gpu_shared_bec_aos_u                  128    4     2.5617 PASS
gpu_optimized_aos                     128    4     5.0420 PASS
gpu_optimized_aos_u                   128    4     5.0371 PASS
gpu_baseline_soa                      128    4     2.5807 PASS
gpu_baseline_soa_u                    128    4     2.5498 PASS
gpu_eigts_t_soa                       128    4     2.5348 PASS
gpu_eigts_t_soa_u                     128    4     2.5401 PASS
gpu_shared_bec_soa                    128    4     2.4911 PASS
gpu_shared_bec_soa_u                  128    4     2.4921 PASS
gpu_optimized_soa                     128    4    10.7196 PASS
gpu_optimized_soa_u                   128    4    10.7276 PASS
gpu_baseline_aos                      128    8     5.3763 PASS
gpu_baseline_aos_u                    128    8     5.3595 PASS
gpu_eigts_t_aos                       128    8     5.4053 PASS
gpu_eigts_t_aos_u                     128    8     5.3481 PASS
gpu_shared_bec_aos                    128    8     5.4708 PASS
gpu_shared_bec_aos_u                  128    8     5.4726 PASS
gpu_optimized_aos                     128    8     8.7471 PASS
gpu_optimized_aos_u                   128    8     8.7682 PASS
gpu_baseline_soa                      128    8     5.4186 PASS
gpu_baseline_soa_u                    128    8     5.3674 PASS
gpu_eigts_t_soa                       128    8     5.3404 PASS
gpu_eigts_t_soa_u                     128    8     5.3578 PASS
gpu_shared_bec_soa                    128    8     5.3509 PASS
gpu_shared_bec_soa_u                  128    8     5.2860 PASS
gpu_optimized_soa                     128    8    18.3028 PASS
gpu_optimized_soa_u                   128    8    18.3778 PASS
gpu_baseline_aos                      128   16     9.9884 PASS
gpu_baseline_aos_u                    128   16     9.9588 PASS
gpu_eigts_t_aos                       128   16    10.0242 PASS
gpu_eigts_t_aos_u                     128   16     9.9175 PASS
gpu_shared_bec_aos                    128   16    10.4310 PASS
gpu_shared_bec_aos_u                  128   16    10.4304 PASS
gpu_optimized_aos                     128   16    17.2961 PASS
gpu_optimized_aos_u                   128   16    17.3142 PASS
gpu_baseline_soa                      128   16    11.9621 PASS
gpu_baseline_soa_u                    128   16    11.9286 PASS
gpu_eigts_t_soa                       128   16    11.9405 PASS
gpu_eigts_t_soa_u                     128   16    11.9092 PASS
gpu_shared_bec_soa                    128   16    11.9710 PASS
gpu_shared_bec_soa_u                  128   16    12.0809 PASS
gpu_optimized_soa                     128   16    36.2697 PASS
gpu_optimized_soa_u                   128   16    36.3620 PASS
gpu_baseline_aos                      256    1     0.6652 PASS
gpu_baseline_aos_u                    256    1     0.6638 PASS
gpu_eigts_t_aos                       256    1     0.6510 PASS
gpu_eigts_t_aos_u                     256    1     0.6510 PASS
gpu_shared_bec_aos                    256    1     0.6668 PASS
gpu_shared_bec_aos_u                  256    1     0.6669 PASS
gpu_optimized_aos                     256    1     2.6549 PASS
gpu_optimized_aos_u                   256    1     2.6649 PASS
gpu_baseline_soa                      256    1     0.7030 PASS
gpu_baseline_soa_u                    256    1     0.7041 PASS
gpu_eigts_t_soa                       256    1     0.6960 PASS
gpu_eigts_t_soa_u                     256    1     0.6955 PASS
gpu_shared_bec_soa                    256    1     0.6687 PASS
gpu_shared_bec_soa_u                  256    1     0.6707 PASS
gpu_optimized_soa                     256    1     5.8698 PASS
gpu_optimized_soa_u                   256    1     5.8571 PASS
gpu_baseline_aos                      256    2     1.2518 PASS
gpu_baseline_aos_u                    256    2     1.2518 PASS
gpu_eigts_t_aos                       256    2     1.2428 PASS
gpu_eigts_t_aos_u                     256    2     1.2433 PASS
gpu_shared_bec_aos                    256    2     1.2727 PASS
gpu_shared_bec_aos_u                  256    2     1.2723 PASS
gpu_optimized_aos                     256    2     4.4344 PASS
gpu_optimized_aos_u                   256    2     4.4299 PASS
gpu_baseline_soa                      256    2     1.3273 PASS
gpu_baseline_soa_u                    256    2     1.3256 PASS
gpu_eigts_t_soa                       256    2     1.3033 PASS
gpu_eigts_t_soa_u                     256    2     1.3025 PASS
gpu_shared_bec_soa                    256    2     1.2828 PASS
gpu_shared_bec_soa_u                  256    2     1.2836 PASS
gpu_optimized_soa                     256    2     9.6224 PASS
gpu_optimized_soa_u                   256    2     9.6205 PASS
gpu_baseline_aos                      256    4     2.5527 PASS
gpu_baseline_aos_u                    256    4     2.5426 PASS
gpu_eigts_t_aos                       256    4     2.5627 PASS
gpu_eigts_t_aos_u                     256    4     2.5381 PASS
gpu_shared_bec_aos                    256    4     2.5857 PASS
gpu_shared_bec_aos_u                  256    4     2.5847 PASS
gpu_optimized_aos                     256    4     8.8176 PASS
gpu_optimized_aos_u                   256    4     8.8232 PASS
gpu_baseline_soa                      256    4     2.6212 PASS
gpu_baseline_soa_u                    256    4     2.5926 PASS
gpu_eigts_t_soa                       256    4     2.5776 PASS
gpu_eigts_t_soa_u                     256    4     2.5804 PASS
gpu_shared_bec_soa                    256    4     2.5301 PASS
gpu_shared_bec_soa_u                  256    4     2.5294 PASS
gpu_optimized_soa                     256    4    19.8061 PASS
gpu_optimized_soa_u                   256    4    19.8028 PASS
gpu_baseline_aos                      256    8     5.4701 PASS
gpu_baseline_aos_u                    256    8     5.4611 PASS
gpu_eigts_t_aos                       256    8     5.4922 PASS
gpu_eigts_t_aos_u                     256    8     5.4428 PASS
gpu_shared_bec_aos                    256    8     5.5622 PASS
gpu_shared_bec_aos_u                  256    8     5.5629 PASS
gpu_optimized_aos                     256    8    15.4963 PASS
gpu_optimized_aos_u                   256    8    15.4827 PASS
gpu_baseline_soa                      256    8     5.5520 PASS
gpu_baseline_soa_u                    256    8     5.5143 PASS
gpu_eigts_t_soa                       256    8     5.4767 PASS
gpu_eigts_t_soa_u                     256    8     5.4862 PASS
gpu_shared_bec_soa                    256    8     5.5065 PASS
gpu_shared_bec_soa_u                  256    8     5.4469 PASS
gpu_optimized_soa                     256    8    35.1897 PASS
gpu_optimized_soa_u                   256    8    35.2254 PASS
gpu_baseline_aos                      256   16    10.7997 PASS
gpu_baseline_aos_u                    256   16    10.7790 PASS
gpu_eigts_t_aos                       256   16    10.7301 PASS
gpu_eigts_t_aos_u                     256   16    10.6460 PASS
gpu_shared_bec_aos                    256   16    11.1597 PASS
gpu_shared_bec_aos_u                  256   16    11.1623 PASS
gpu_optimized_aos                     256   16    30.9777 PASS
gpu_optimized_aos_u                   256   16    31.0163 PASS
gpu_baseline_soa                      256   16    13.0957 PASS
gpu_baseline_soa_u                    256   16    13.2591 PASS
gpu_eigts_t_soa                       256   16    13.2406 PASS
gpu_eigts_t_soa_u                     256   16    13.1965 PASS
gpu_shared_bec_soa                    256   16    13.3104 PASS
gpu_shared_bec_soa_u                  256   16    13.2502 PASS
gpu_optimized_soa                     256   16    71.0089 PASS
gpu_optimized_soa_u                   256   16    70.9366 PASS
gpu_baseline_aos                      512    1     0.7034 PASS
gpu_baseline_aos_u                    512    1     0.7029 PASS
gpu_eigts_t_aos                       512    1     0.6920 PASS
gpu_eigts_t_aos_u                     512    1     0.6920 PASS
gpu_shared_bec_aos                    512    1     0.6952 PASS
gpu_shared_bec_aos_u                  512    1     0.6940 PASS
gpu_optimized_aos                     512    1     4.9761 PASS
gpu_optimized_aos_u                   512    1     4.9617 PASS
gpu_baseline_soa                      512    1     0.7373 PASS
gpu_baseline_soa_u                    512    1     0.7370 PASS
gpu_eigts_t_soa                       512    1     0.7293 PASS
gpu_eigts_t_soa_u                     512    1     0.7266 PASS
gpu_shared_bec_soa                    512    1     0.6984 PASS
gpu_shared_bec_soa_u                  512    1     0.6992 PASS
gpu_optimized_soa                     512    1    11.0768 PASS
gpu_optimized_soa_u                   512    1    11.0942 PASS
gpu_baseline_aos                      512    2     1.3101 PASS
gpu_baseline_aos_u                    512    2     1.3094 PASS
gpu_eigts_t_aos                       512    2     1.3008 PASS
gpu_eigts_t_aos_u                     512    2     1.3010 PASS
gpu_shared_bec_aos                    512    2     1.3228 PASS
gpu_shared_bec_aos_u                  512    2     1.3221 PASS
gpu_optimized_aos                     512    2     7.9983 PASS
gpu_optimized_aos_u                   512    2     7.9954 PASS
gpu_baseline_soa                      512    2     1.3843 PASS
gpu_baseline_soa_u                    512    2     1.3832 PASS
gpu_eigts_t_soa                       512    2     1.3558 PASS
gpu_eigts_t_soa_u                     512    2     1.3544 PASS
gpu_shared_bec_soa                    512    2     1.3360 PASS
gpu_shared_bec_soa_u                  512    2     1.3365 PASS
gpu_optimized_soa                     512    2    18.3150 PASS
gpu_optimized_soa_u                   512    2    18.3119 PASS
gpu_baseline_aos                      512    4     2.6619 PASS
gpu_baseline_aos_u                    512    4     2.6537 PASS
gpu_eigts_t_aos                       512    4     2.6675 PASS
gpu_eigts_t_aos_u                     512    4     2.6455 PASS
gpu_shared_bec_aos                    512    4     2.6992 PASS
gpu_shared_bec_aos_u                  512    4     2.6984 PASS
gpu_optimized_aos                     512    4    16.7597 PASS
gpu_optimized_aos_u                   512    4    16.7284 PASS
gpu_baseline_soa                      512    4     2.7734 PASS
gpu_baseline_soa_u                    512    4     2.7530 PASS
gpu_eigts_t_soa                       512    4     2.7171 PASS
gpu_eigts_t_soa_u                     512    4     2.7187 PASS
gpu_shared_bec_soa                    512    4     2.6715 PASS
gpu_shared_bec_soa_u                  512    4     2.6724 PASS
gpu_optimized_soa                     512    4    37.3157 PASS
gpu_optimized_soa_u                   512    4    37.3513 PASS
gpu_baseline_aos                      512    8     6.7218 PASS
gpu_baseline_aos_u                    512    8     6.7262 PASS
gpu_eigts_t_aos                       512    8     6.6826 PASS
gpu_eigts_t_aos_u                     512    8     6.6848 PASS
gpu_shared_bec_aos                    512    8     6.7092 PASS
gpu_shared_bec_aos_u                  512    8     6.7072 PASS
gpu_optimized_aos                     512    8    30.6203 PASS
gpu_optimized_aos_u                   512    8    30.6195 PASS
gpu_baseline_soa                      512    8     7.1850 PASS
gpu_baseline_soa_u                    512    8     7.1858 PASS
gpu_eigts_t_soa                       512    8     7.1052 PASS
gpu_eigts_t_soa_u                     512    8     7.0966 PASS
gpu_shared_bec_soa                    512    8     7.1180 PASS
gpu_shared_bec_soa_u                  512    8     7.1124 PASS
gpu_optimized_soa                     512    8    68.5447 PASS
gpu_optimized_soa_u                   512    8    68.5277 PASS
gpu_baseline_aos                      512   16    17.1164 PASS
gpu_baseline_aos_u                    512   16    17.1161 PASS
gpu_eigts_t_aos                       512   16    16.8663 PASS
gpu_eigts_t_aos_u                     512   16    16.8569 PASS
gpu_shared_bec_aos                    512   16    17.9890 PASS
gpu_shared_bec_aos_u                  512   16    17.9585 PASS
gpu_optimized_aos                     512   16    59.8912 PASS
gpu_optimized_aos_u                   512   16    59.8907 PASS
gpu_baseline_soa                      512   16    25.4160 PASS
gpu_baseline_soa_u                    512   16    25.4593 PASS
gpu_eigts_t_soa                       512   16    25.2155 PASS
gpu_eigts_t_soa_u                     512   16    25.1728 PASS
gpu_shared_bec_soa                    512   16    25.2044 PASS
gpu_shared_bec_soa_u                  512   16    24.8172 PASS
gpu_optimized_soa                     512   16   135.7865 PASS
gpu_optimized_soa_u                   512   16   135.8599 PASS
gpu_baseline_aos                     1024    1     0.7636 PASS
gpu_baseline_aos_u                   1024    1     0.7615 PASS
gpu_eigts_t_aos                      1024    1     0.7498 PASS
gpu_eigts_t_aos_u                    1024    1     0.7510 PASS
gpu_shared_bec_aos                   1024    1     0.7451 PASS
gpu_shared_bec_aos_u                 1024    1     0.7453 PASS
gpu_optimized_aos                    1024    1     9.2924 PASS
gpu_optimized_aos_u                  1024    1     9.2802 PASS
gpu_baseline_soa                     1024    1     0.8145 PASS
gpu_baseline_soa_u                   1024    1     0.8137 PASS
gpu_eigts_t_soa                      1024    1     0.7919 PASS
gpu_eigts_t_soa_u                    1024    1     0.7900 PASS
gpu_shared_bec_soa                   1024    1     0.7639 PASS
gpu_shared_bec_soa_u                 1024    1     0.7630 PASS
gpu_optimized_soa                    1024    1    20.4278 PASS
gpu_optimized_soa_u                  1024    1    20.4330 PASS
gpu_baseline_aos                     1024    2     1.4221 PASS
gpu_baseline_aos_u                   1024    2     1.4221 PASS
gpu_eigts_t_aos                      1024    2     1.4060 PASS
gpu_eigts_t_aos_u                    1024    2     1.4062 PASS
gpu_shared_bec_aos                   1024    2     1.4192 PASS
gpu_shared_bec_aos_u                 1024    2     1.4200 PASS
gpu_optimized_aos                    1024    2    15.4790 PASS
gpu_optimized_aos_u                  1024    2    15.4951 PASS
gpu_baseline_soa                     1024    2     1.5417 PASS
gpu_baseline_soa_u                   1024    2     1.5409 PASS
gpu_eigts_t_soa                      1024    2     1.4775 PASS
gpu_eigts_t_soa_u                    1024    2     1.4787 PASS
gpu_shared_bec_soa                   1024    2     1.4554 PASS
gpu_shared_bec_soa_u                 1024    2     1.4561 PASS
gpu_optimized_soa                    1024    2    33.9871 PASS
gpu_optimized_soa_u                  1024    2    33.9669 PASS
gpu_baseline_aos                     1024    4     3.6934 PASS
gpu_baseline_aos_u                   1024    4     3.6957 PASS
gpu_eigts_t_aos                      1024    4     3.6479 PASS
gpu_eigts_t_aos_u                    1024    4     3.6503 PASS
gpu_shared_bec_aos                   1024    4     3.6431 PASS
gpu_shared_bec_aos_u                 1024    4     3.6437 PASS
gpu_optimized_aos                    1024    4    33.3132 PASS
gpu_optimized_aos_u                  1024    4    33.2582 PASS
gpu_baseline_soa                     1024    4     3.9914 PASS
gpu_baseline_soa_u                   1024    4     3.9963 PASS
gpu_eigts_t_soa                      1024    4     3.8870 PASS
gpu_eigts_t_soa_u                    1024    4     3.8833 PASS
gpu_shared_bec_soa                   1024    4     3.8772 PASS
gpu_shared_bec_soa_u                 1024    4     3.8778 PASS
gpu_optimized_soa                    1024    4    72.1968 PASS
gpu_optimized_soa_u                  1024    4    72.1486 PASS
gpu_baseline_aos                     1024    8    13.0148 PASS
gpu_baseline_aos_u                   1024    8    13.0171 PASS
gpu_eigts_t_aos                      1024    8    12.9051 PASS
gpu_eigts_t_aos_u                    1024    8    12.9004 PASS
gpu_shared_bec_aos                   1024    8    12.8696 PASS
gpu_shared_bec_aos_u                 1024    8    12.8736 PASS
gpu_optimized_aos                    1024    8    60.3948 PASS
gpu_optimized_aos_u                  1024    8    60.4090 PASS
gpu_baseline_soa                     1024    8    14.1163 PASS
gpu_baseline_soa_u                   1024    8    14.1580 PASS
gpu_eigts_t_soa                      1024    8    13.8918 PASS
gpu_eigts_t_soa_u                    1024    8    13.8703 PASS
gpu_shared_bec_soa                   1024    8    13.8340 PASS
gpu_shared_bec_soa_u                 1024    8    13.9621 PASS
gpu_optimized_soa                    1024    8   130.3848 PASS
gpu_optimized_soa_u                  1024    8   130.2522 PASS
gpu_baseline_aos                     1024   16    35.7238 PASS
gpu_baseline_aos_u                   1024   16    35.7073 PASS
gpu_eigts_t_aos                      1024   16    35.3439 PASS
gpu_eigts_t_aos_u                    1024   16    35.3974 PASS
gpu_shared_bec_aos                   1024   16    40.7673 PASS
gpu_shared_bec_aos_u                 1024   16    40.6755 PASS
gpu_optimized_aos                    1024   16   116.9128 PASS
gpu_optimized_aos_u                  1024   16   116.9876 PASS
gpu_baseline_soa                     1024   16    51.3204 PASS
gpu_baseline_soa_u                   1024   16    51.2756 PASS
gpu_eigts_t_soa                      1024   16    50.9990 PASS
gpu_eigts_t_soa_u                    1024   16    50.9601 PASS
gpu_shared_bec_soa                   1024   16    50.8769 PASS
gpu_shared_bec_soa_u                 1024   16    51.0154 PASS
gpu_optimized_soa                    1024   16   255.7495 PASS
gpu_optimized_soa_u                  1024   16   255.7531 PASS

Done. CSV: results/beverin/addusxx_gpu_sweep.csv
[E5 beverin] done. CSVs under results/beverin/
