
OPENMP DISPLAY ENVIRONMENT BEGIN
  _OPENMP = '201511'
  [host] OMP_DYNAMIC = 'FALSE'
  [host] OMP_NESTED = 'FALSE'
  [host] OMP_NUM_THREADS = '96'
  [host] OMP_SCHEDULE = 'STATIC'
  [host] OMP_PROC_BIND = 'CLOSE'
  [host] OMP_PLACES = '{0},{1},{2},{3},{4},{5},{6},{7},{8},{9},{10},{11},{12},{13},{14},{15},{16},{17},{18},{19},{20},{21},{22},{23},{24},{25},{26},{27},{28},{29},{30},{31},{32},{33},{34},{35},{36},{37},{38},{39},{40},{41},{42},{43},{44},{45},{46},{47},{48},{49},{50},{51},{52},{53},{54},{55},{56},{57},{58},{59},{60},{61},{62},{63},{64},{65},{66},{67},{68},{69},{70},{71},{72},{73},{74},{75},{76},{77},{78},{79},{80},{81},{82},{83},{84},{85},{86},{87},{88},{89},{90},{91},{92},{93},{94},{95}'
  [host] OMP_STACKSIZE = '0'
  [host] OMP_WAIT_POLICY = 'PASSIVE'
  [host] OMP_THREAD_LIMIT = '4294967295'
  [host] OMP_MAX_ACTIVE_LEVELS = '1'
  [host] OMP_NUM_TEAMS = '0'
  [host] OMP_TEAMS_THREAD_LIMIT = '0'
  [all] OMP_CANCELLATION = 'FALSE'
  [all] OMP_DEFAULT_DEVICE = '0'
  [all] OMP_MAX_TASK_PRIORITY = '0'
  [all] OMP_DISPLAY_AFFINITY = 'FALSE'
  [host] OMP_AFFINITY_FORMAT = 'level %L thread %i affinity %A'
  [host] OMP_ALLOCATOR = 'omp_default_mem_alloc'
  [all] OMP_TARGET_OFFLOAD = 'DEFAULT'
OPENMP DISPLAY ENVIRONMENT END
[icon_data_loader] global nproma = 81920
[icon_data_loader] reading /capstor/scratch/cscs/ybudanaz/beverin/icon-artifacts/velocity/data_r02b05/p_patch.9.data  (nproma=81920)
[icon_sizes] Grid topology:
[icon_sizes]   nproma=81920  nblks_c=1  nblks_e=2  nblks_v=1
[icon_sizes]   n_edges = nproma*nblks_e = 163840
[icon_sizes]   n_cells = nproma*nblks_c = 81920
[icon_sizes]   n_verts = nproma*nblks_v = 81920

[icon_sizes] Edge arrays (serde dimensions):
[icon_sizes] edges/cell_idx                      int  rank=3  (81920, 2, 2)  elements=327680  1.3 MB
[icon_sizes] edges/cell_blk                      int  rank=3  (81920, 2, 2)  elements=327680  1.3 MB
[icon_sizes] edges/vertex_idx                    int  rank=3  (81920, 2, 4)  elements=655360  2.6 MB
[icon_sizes] edges/vertex_blk                    int  rank=3  (81920, 2, 4)  elements=655360  2.6 MB
[icon_sizes] edges/tangent_orientation           dbl  rank=2  (81920, 2)  elements=163840  1.3 MB
[icon_sizes] edges/quad_idx                      int  rank=3  (81920, 2, 4)  elements=655360  2.6 MB
[icon_sizes] edges/quad_blk                      int  rank=3  (81920, 2, 4)  elements=655360  2.6 MB
[icon_sizes] edges/inv_primal_edge_length        dbl  rank=2  (81920, 2)  elements=163840  1.3 MB
[icon_sizes] edges/inv_dual_edge_length          dbl  rank=2  (81920, 2)  elements=163840  1.3 MB
[icon_sizes] edges/area_edge                     dbl  rank=2  (81920, 2)  elements=163840  1.3 MB
[icon_sizes] edges/f_e                           dbl  rank=2  (81920, 2)  elements=163840  1.3 MB
[icon_sizes] edges/fn_e                          dbl  rank=2  (81920, 2)  elements=163840  1.3 MB
[icon_sizes] edges/ft_e                          dbl  rank=2  (81920, 2)  elements=163840  1.3 MB
[icon_sizes] edges/start_index                   int  rank=1  (24)  elements=24  0.0 MB
[icon_sizes] edges/end_index                     int  rank=1  (24)  elements=24  0.0 MB
[icon_sizes] edges/start_block                   int  rank=1  (24)  elements=24  0.0 MB
[icon_sizes] edges/end_block                     int  rank=1  (24)  elements=24  0.0 MB

[icon_sizes] Linearised arrays used in stencil:
[icon_sizes]   cell_idx     [n_edges*2]     = [327680]       (163840 -> [0,81920))
[icon_sizes]   vert_idx     [n_edges*2]     = [327680]       (163840 -> [0,81920))
[icon_sizes]   inv_dual     [n_edges]       = [163840]
[icon_sizes]   inv_primal   [n_edges]       = [163840]
[icon_sizes]   tangent_o    [n_edges]       = [163840]
[icon_sizes]   vn_ie        [n_edges*nlev]  (runtime, per-level)
[icon_sizes]   w            [n_cells*nlev]  (indirect target, n_cells=81920)
[icon_sizes]   z_w_v        [n_verts*nlev]  (indirect target, n_verts=81920)
[icon_sizes]   out          [n_edges*nlev]  (output)

[icon_sizes] n_edges_valid=122880 (75.0% of n_edges=163840)

[icon_sizes] Edge range table (24 levels):
[icon_sizes]    lvl  start(blk,idx)    end(blk,idx)      linear   n_edges
[icon_sizes]      0  (   2, 40961)  (   2, 40960)  [122880,122879]         0
[icon_sizes]      1  (   2, 40961)  (   2, 40960)  [122880,122879]         0
[icon_sizes]      2  (   2, 40961)  (   2, 40960)  [122880,122879]         0
[icon_sizes]      3  (   2, 40961)  (   2, 40960)  [122880,122879]         0
[icon_sizes]      4  (   2, 40961)  (   2, 40960)  [122880,122879]         0
[icon_sizes]      5  (   1,     0)  (   2, 40960)  [    -1,122879]         0
[icon_sizes]      6  (   1,     0)  (   2, 40960)  [    -1,122879]         0
[icon_sizes]      7  (   1,     0)  (   2, 40960)  [    -1,122879]         0
[icon_sizes]      8  (   1,     0)  (   2, 40960)  [    -1,122879]         0
[icon_sizes]      9  (   1,     0)  (   2, 40960)  [    -1,122879]         0
[icon_sizes]     10  (   1,     0)  (   2, 40960)  [    -1,122879]         0
[icon_sizes]     11  (   1,     0)  (   2, 40960)  [    -1,122879]         0
[icon_sizes]     12  (   1,     0)  (   2, 40960)  [    -1,122879]         0
[icon_sizes]     13  (   1,     1)  (   2, 40960)  [     0,122879]    122880
[icon_sizes]     14  (   1,     1)  (   1,     0)  [     0,    -1]         0
[icon_sizes]     15  (   1,     1)  (   1,     0)  [     0,    -1]         0
[icon_sizes]     16  (   1,     1)  (   1,     0)  [     0,    -1]         0
[icon_sizes]     17  (   1,     1)  (   1,     0)  [     0,    -1]         0
[icon_sizes]     18  (   1,     1)  (   1,     0)  [     0,    -1]         0
[icon_sizes]     19  (   1,     1)  (   1,     0)  [     0,    -1]         0
[icon_sizes]     20  (   1,     1)  (   1,     0)  [     0,    -1]         0
[icon_sizes]     21  (   1,     1)  (   1,     0)  [     0,    -1]         0
[icon_sizes]     22  (   1,     1)  (   1,     0)  [     0,    -1]         0
[icon_sizes]     23  (   1,     1)  (   1,     0)  [     0,    -1]         0
[icon_data_loader] done.  Sample cell_idx[0]={0,16384}  vert_idx[0]={0,1}

[locality] exact cell_idx (N=163840, idx_max=81920, unique=81920 = 100.0%):
[locality]   consecutive |idx[je+1]-idx[je]|: avg=208.7  max=81919  same_cl(<8)= 83.5%  within_page(<512)= 97.5%
[locality]   pair |ci0-ci1|:                   avg=217.1  max=40959  same_cl(<8)= 80.2%
[locality]   consecutive histogram:
[locality]     <1:40% <2:68% <4:77% <8:83% <16:87% <32:91% <64:93% <128:95% <256:96% <1024:98% <4096:99% <16384:99% <65536:100% 
[locality] exact vert_idx (N=163840, idx_max=81920, unique=40962 = 50.0%):
[locality]   consecutive |idx[je+1]-idx[je]|: avg= 84.9  max=37732  same_cl(<8)= 89.4%  within_page(<512)= 98.5%
[locality]   pair |ci0-ci1|:                   avg=213.8  max=28093  same_cl(<8)= 75.0%
[locality]   consecutive histogram:
[locality]     <1:47% <2:73% <4:84% <8:89% <16:93% <32:94% <64:96% <128:97% <256:98% <1024:99% <4096:99% <16384:100% <65536:100% 

[locality] uniform cell_idx (N=122880, idx_max=81920, unique=77786 = 95.0%):
[locality]   consecutive |idx[je+1]-idx[je]|: avg=27328.0  max=81805  same_cl(<8)=  0.0%  within_page(<512)=  1.2%
[locality]   pair |ci0-ci1|:                   avg=27384.3  max=81543  same_cl(<8)=  0.0%
[locality]   consecutive histogram:
[locality]     <1:0% <2:0% <4:0% <8:0% <16:0% <32:0% <64:0% <128:0% <256:1% <1024:2% <4096:10% <16384:36% <65536:96% 
[locality] uniform vert_idx (N=122880, idx_max=81920, unique=77832 = 95.0%):
[locality]   consecutive |idx[je+1]-idx[je]|: avg=27312.1  max=81859  same_cl(<8)=  0.0%  within_page(<512)=  1.2%
[locality]   pair |ci0-ci1|:                   avg=27335.1  max=81751  same_cl(<8)=  0.0%
[locality]   consecutive histogram:
[locality]     <1:0% <2:0% <4:0% <8:0% <16:0% <32:0% <64:0% <128:0% <256:1% <1024:2% <4096:10% <16384:36% <65536:96% 
[locality] normal_var1 cell_idx (N=122880, idx_max=81920, unique=79530 = 97.1%):
[locality]   consecutive |idx[je+1]-idx[je]|: avg=  2.3  max=81919  same_cl(<8)=100.0%  within_page(<512)=100.0%
[locality]   pair |ci0-ci1|:                   avg=  3.4  max=81919  same_cl(<8)=100.0%
[locality]   consecutive histogram:
[locality]     <1:23% <2:63% <4:97% <8:100% <16:100% <32:100% <64:100% <128:100% <256:100% <1024:100% <4096:100% <16384:100% <65536:100% 
[locality] normal_var1 vert_idx (N=122880, idx_max=81920, unique=79471 = 97.0%):
[locality]   consecutive |idx[je+1]-idx[je]|: avg=  2.0  max=81918  same_cl(<8)=100.0%  within_page(<512)=100.0%
[locality]   pair |ci0-ci1|:                   avg=  4.1  max=81919  same_cl(<8)=100.0%
[locality]   consecutive histogram:
[locality]     <1:23% <2:63% <4:97% <8:100% <16:100% <32:100% <64:100% <128:100% <256:100% <1024:100% <4096:100% <16384:100% <65536:100% 

OPENMP DISPLAY ENVIRONMENT BEGIN
  _OPENMP = '201511'
  [host] OMP_DYNAMIC = 'FALSE'
  [host] OMP_NESTED = 'FALSE'
  [host] OMP_NUM_THREADS = '96'
  [host] OMP_SCHEDULE = 'STATIC'
  [host] OMP_PROC_BIND = 'CLOSE'
  [host] OMP_PLACES = '{0},{1},{2},{3},{4},{5},{6},{7},{8},{9},{10},{11},{12},{13},{14},{15},{16},{17},{18},{19},{20},{21},{22},{23},{24},{25},{26},{27},{28},{29},{30},{31},{32},{33},{34},{35},{36},{37},{38},{39},{40},{41},{42},{43},{44},{45},{46},{47},{48},{49},{50},{51},{52},{53},{54},{55},{56},{57},{58},{59},{60},{61},{62},{63},{64},{65},{66},{67},{68},{69},{70},{71},{72},{73},{74},{75},{76},{77},{78},{79},{80},{81},{82},{83},{84},{85},{86},{87},{88},{89},{90},{91},{92},{93},{94},{95}'
  [host] OMP_STACKSIZE = '0'
  [host] OMP_WAIT_POLICY = 'PASSIVE'
  [host] OMP_THREAD_LIMIT = '4294967295'
  [host] OMP_MAX_ACTIVE_LEVELS = '1'
  [host] OMP_NUM_TEAMS = '0'
  [host] OMP_TEAMS_THREAD_LIMIT = '0'
  [all] OMP_CANCELLATION = 'FALSE'
  [all] OMP_DEFAULT_DEVICE = '0'
  [all] OMP_MAX_TASK_PRIORITY = '0'
  [all] OMP_DISPLAY_AFFINITY = 'FALSE'
  [host] OMP_AFFINITY_FORMAT = 'level %L thread %i affinity %A'
  [host] OMP_ALLOCATOR = 'omp_default_mem_alloc'
  [all] OMP_TARGET_OFFLOAD = 'DEFAULT'
OPENMP DISPLAY ENVIRONMENT END
[icon_data_loader] global nproma = 81920
[icon_data_loader] reading /capstor/scratch/cscs/ybudanaz/beverin/icon-artifacts/velocity/data_r02b05/p_patch.9.data  (nproma=81920)
[icon_sizes] Grid topology:
[icon_sizes]   nproma=81920  nblks_c=1  nblks_e=2  nblks_v=1
[icon_sizes]   n_edges = nproma*nblks_e = 163840
[icon_sizes]   n_cells = nproma*nblks_c = 81920
[icon_sizes]   n_verts = nproma*nblks_v = 81920

[icon_sizes] Edge arrays (serde dimensions):
[icon_sizes] edges/cell_idx                      int  rank=3  (81920, 2, 2)  elements=327680  1.3 MB
[icon_sizes] edges/cell_blk                      int  rank=3  (81920, 2, 2)  elements=327680  1.3 MB
[icon_sizes] edges/vertex_idx                    int  rank=3  (81920, 2, 4)  elements=655360  2.6 MB
[icon_sizes] edges/vertex_blk                    int  rank=3  (81920, 2, 4)  elements=655360  2.6 MB
[icon_sizes] edges/tangent_orientation           dbl  rank=2  (81920, 2)  elements=163840  1.3 MB
[icon_sizes] edges/quad_idx                      int  rank=3  (81920, 2, 4)  elements=655360  2.6 MB
[icon_sizes] edges/quad_blk                      int  rank=3  (81920, 2, 4)  elements=655360  2.6 MB
[icon_sizes] edges/inv_primal_edge_length        dbl  rank=2  (81920, 2)  elements=163840  1.3 MB
[icon_sizes] edges/inv_dual_edge_length          dbl  rank=2  (81920, 2)  elements=163840  1.3 MB
[icon_sizes] edges/area_edge                     dbl  rank=2  (81920, 2)  elements=163840  1.3 MB
[icon_sizes] edges/f_e                           dbl  rank=2  (81920, 2)  elements=163840  1.3 MB
[icon_sizes] edges/fn_e                          dbl  rank=2  (81920, 2)  elements=163840  1.3 MB
[icon_sizes] edges/ft_e                          dbl  rank=2  (81920, 2)  elements=163840  1.3 MB
[icon_sizes] edges/start_index                   int  rank=1  (24)  elements=24  0.0 MB
[icon_sizes] edges/end_index                     int  rank=1  (24)  elements=24  0.0 MB
[icon_sizes] edges/start_block                   int  rank=1  (24)  elements=24  0.0 MB
[icon_sizes] edges/end_block                     int  rank=1  (24)  elements=24  0.0 MB

[icon_sizes] Linearised arrays used in stencil:
[icon_sizes]   cell_idx     [n_edges*2]     = [327680]       (163840 -> [0,81920))
[icon_sizes]   vert_idx     [n_edges*2]     = [327680]       (163840 -> [0,81920))
[icon_sizes]   inv_dual     [n_edges]       = [163840]
[icon_sizes]   inv_primal   [n_edges]       = [163840]
[icon_sizes]   tangent_o    [n_edges]       = [163840]
[icon_sizes]   vn_ie        [n_edges*nlev]  (runtime, per-level)
[icon_sizes]   w            [n_cells*nlev]  (indirect target, n_cells=81920)
[icon_sizes]   z_w_v        [n_verts*nlev]  (indirect target, n_verts=81920)
[icon_sizes]   out          [n_edges*nlev]  (output)

[icon_sizes] n_edges_valid=122880 (75.0% of n_edges=163840)

[icon_sizes] Edge range table (24 levels):
[icon_sizes]    lvl  start(blk,idx)    end(blk,idx)      linear   n_edges
[icon_sizes]      0  (   2, 40961)  (   2, 40960)  [122880,122879]         0
[icon_sizes]      1  (   2, 40961)  (   2, 40960)  [122880,122879]         0
[icon_sizes]      2  (   2, 40961)  (   2, 40960)  [122880,122879]         0
[icon_sizes]      3  (   2, 40961)  (   2, 40960)  [122880,122879]         0
[icon_sizes]      4  (   2, 40961)  (   2, 40960)  [122880,122879]         0
[icon_sizes]      5  (   1,     0)  (   2, 40960)  [    -1,122879]         0
[icon_sizes]      6  (   1,     0)  (   2, 40960)  [    -1,122879]         0
[icon_sizes]      7  (   1,     0)  (   2, 40960)  [    -1,122879]         0
[icon_sizes]      8  (   1,     0)  (   2, 40960)  [    -1,122879]         0
[icon_sizes]      9  (   1,     0)  (   2, 40960)  [    -1,122879]         0
[icon_sizes]     10  (   1,     0)  (   2, 40960)  [    -1,122879]         0
[icon_sizes]     11  (   1,     0)  (   2, 40960)  [    -1,122879]         0
[icon_sizes]     12  (   1,     0)  (   2, 40960)  [    -1,122879]         0
[icon_sizes]     13  (   1,     1)  (   2, 40960)  [     0,122879]    122880
[icon_sizes]     14  (   1,     1)  (   1,     0)  [     0,    -1]         0
[icon_sizes]     15  (   1,     1)  (   1,     0)  [     0,    -1]         0
[icon_sizes]     16  (   1,     1)  (   1,     0)  [     0,    -1]         0
[icon_sizes]     17  (   1,     1)  (   1,     0)  [     0,    -1]         0
[icon_sizes]     18  (   1,     1)  (   1,     0)  [     0,    -1]         0
[icon_sizes]     19  (   1,     1)  (   1,     0)  [     0,    -1]         0
[icon_sizes]     20  (   1,     1)  (   1,     0)  [     0,    -1]         0
[icon_sizes]     21  (   1,     1)  (   1,     0)  [     0,    -1]         0
[icon_sizes]     22  (   1,     1)  (   1,     0)  [     0,    -1]         0
[icon_sizes]     23  (   1,     1)  (   1,     0)  [     0,    -1]         0
[icon_data_loader] done.  Sample cell_idx[0]={0,16384}  vert_idx[0]={0,1}

[locality] exact cell_idx (N=163840, idx_max=81920, unique=81920 = 100.0%):
[locality]   consecutive |idx[je+1]-idx[je]|: avg=208.7  max=81919  same_cl(<8)= 83.5%  within_page(<512)= 97.5%
[locality]   pair |ci0-ci1|:                   avg=217.1  max=40959  same_cl(<8)= 80.2%
[locality]   consecutive histogram:
[locality]     <1:40% <2:68% <4:77% <8:83% <16:87% <32:91% <64:93% <128:95% <256:96% <1024:98% <4096:99% <16384:99% <65536:100% 
[locality] exact vert_idx (N=163840, idx_max=81920, unique=40962 = 50.0%):
[locality]   consecutive |idx[je+1]-idx[je]|: avg= 84.9  max=37732  same_cl(<8)= 89.4%  within_page(<512)= 98.5%
[locality]   pair |ci0-ci1|:                   avg=213.8  max=28093  same_cl(<8)= 75.0%
[locality]   consecutive histogram:
[locality]     <1:47% <2:73% <4:84% <8:89% <16:93% <32:94% <64:96% <128:97% <256:98% <1024:99% <4096:99% <16384:100% <65536:100% 


OPENMP DISPLAY ENVIRONMENT BEGIN
  _OPENMP = '201511'
  [host] OMP_DYNAMIC = 'FALSE'
  [host] OMP_NESTED = 'FALSE'
  [host] OMP_NUM_THREADS = '96'
  [host] OMP_SCHEDULE = 'STATIC'
  [host] OMP_PROC_BIND = 'CLOSE'
  [host] OMP_PLACES = '{0},{1},{2},{3},{4},{5},{6},{7},{8},{9},{10},{11},{12},{13},{14},{15},{16},{17},{18},{19},{20},{21},{22},{23},{24},{25},{26},{27},{28},{29},{30},{31},{32},{33},{34},{35},{36},{37},{38},{39},{40},{41},{42},{43},{44},{45},{46},{47},{48},{49},{50},{51},{52},{53},{54},{55},{56},{57},{58},{59},{60},{61},{62},{63},{64},{65},{66},{67},{68},{69},{70},{71},{72},{73},{74},{75},{76},{77},{78},{79},{80},{81},{82},{83},{84},{85},{86},{87},{88},{89},{90},{91},{92},{93},{94},{95}'
  [host] OMP_STACKSIZE = '0'
  [host] OMP_WAIT_POLICY = 'PASSIVE'
  [host] OMP_THREAD_LIMIT = '4294967295'
  [host] OMP_MAX_ACTIVE_LEVELS = '1'
  [host] OMP_NUM_TEAMS = '0'
  [host] OMP_TEAMS_THREAD_LIMIT = '0'
  [all] OMP_CANCELLATION = 'FALSE'
  [all] OMP_DEFAULT_DEVICE = '0'
  [all] OMP_MAX_TASK_PRIORITY = '0'
  [all] OMP_DISPLAY_AFFINITY = 'FALSE'
  [host] OMP_AFFINITY_FORMAT = 'level %L thread %i affinity %A'
  [host] OMP_ALLOCATOR = 'omp_default_mem_alloc'
  [all] OMP_TARGET_OFFLOAD = 'DEFAULT'
OPENMP DISPLAY ENVIRONMENT END
[icon_data_loader] global nproma = 81920
[icon_data_loader] reading /capstor/scratch/cscs/ybudanaz/beverin/icon-artifacts/velocity/data_r02b05/p_patch.9.data  (nproma=81920)
[icon_sizes] Grid topology:
[icon_sizes]   nproma=81920  nblks_c=1  nblks_e=2  nblks_v=1
[icon_sizes]   n_edges = nproma*nblks_e = 163840
[icon_sizes]   n_cells = nproma*nblks_c = 81920
[icon_sizes]   n_verts = nproma*nblks_v = 81920

[icon_sizes] Edge arrays (serde dimensions):
[icon_sizes] edges/cell_idx                      int  rank=3  (81920, 2, 2)  elements=327680  1.3 MB
[icon_sizes] edges/cell_blk                      int  rank=3  (81920, 2, 2)  elements=327680  1.3 MB
[icon_sizes] edges/vertex_idx                    int  rank=3  (81920, 2, 4)  elements=655360  2.6 MB
[icon_sizes] edges/vertex_blk                    int  rank=3  (81920, 2, 4)  elements=655360  2.6 MB
[icon_sizes] edges/tangent_orientation           dbl  rank=2  (81920, 2)  elements=163840  1.3 MB
[icon_sizes] edges/quad_idx                      int  rank=3  (81920, 2, 4)  elements=655360  2.6 MB
[icon_sizes] edges/quad_blk                      int  rank=3  (81920, 2, 4)  elements=655360  2.6 MB
[icon_sizes] edges/inv_primal_edge_length        dbl  rank=2  (81920, 2)  elements=163840  1.3 MB
[icon_sizes] edges/inv_dual_edge_length          dbl  rank=2  (81920, 2)  elements=163840  1.3 MB
[icon_sizes] edges/area_edge                     dbl  rank=2  (81920, 2)  elements=163840  1.3 MB
[icon_sizes] edges/f_e                           dbl  rank=2  (81920, 2)  elements=163840  1.3 MB
[icon_sizes] edges/fn_e                          dbl  rank=2  (81920, 2)  elements=163840  1.3 MB
[icon_sizes] edges/ft_e                          dbl  rank=2  (81920, 2)  elements=163840  1.3 MB
[icon_sizes] edges/start_index                   int  rank=1  (24)  elements=24  0.0 MB
[icon_sizes] edges/end_index                     int  rank=1  (24)  elements=24  0.0 MB
[icon_sizes] edges/start_block                   int  rank=1  (24)  elements=24  0.0 MB
[icon_sizes] edges/end_block                     int  rank=1  (24)  elements=24  0.0 MB

[icon_sizes] Linearised arrays used in stencil:
[icon_sizes]   cell_idx     [n_edges*2]     = [327680]       (163840 -> [0,81920))
[icon_sizes]   vert_idx     [n_edges*2]     = [327680]       (163840 -> [0,81920))
[icon_sizes]   inv_dual     [n_edges]       = [163840]
[icon_sizes]   inv_primal   [n_edges]       = [163840]
[icon_sizes]   tangent_o    [n_edges]       = [163840]
[icon_sizes]   vn_ie        [n_edges*nlev]  (runtime, per-level)
[icon_sizes]   w            [n_cells*nlev]  (indirect target, n_cells=81920)
[icon_sizes]   z_w_v        [n_verts*nlev]  (indirect target, n_verts=81920)
[icon_sizes]   out          [n_edges*nlev]  (output)

[icon_sizes] n_edges_valid=122880 (75.0% of n_edges=163840)

[icon_sizes] Edge range table (24 levels):
[icon_sizes]    lvl  start(blk,idx)    end(blk,idx)      linear   n_edges
[icon_sizes]      0  (   2, 40961)  (   2, 40960)  [122880,122879]         0
[icon_sizes]      1  (   2, 40961)  (   2, 40960)  [122880,122879]         0
[icon_sizes]      2  (   2, 40961)  (   2, 40960)  [122880,122879]         0
[icon_sizes]      3  (   2, 40961)  (   2, 40960)  [122880,122879]         0
[icon_sizes]      4  (   2, 40961)  (   2, 40960)  [122880,122879]         0
[icon_sizes]      5  (   1,     0)  (   2, 40960)  [    -1,122879]         0
[icon_sizes]      6  (   1,     0)  (   2, 40960)  [    -1,122879]         0
[icon_sizes]      7  (   1,     0)  (   2, 40960)  [    -1,122879]         0
[icon_sizes]      8  (   1,     0)  (   2, 40960)  [    -1,122879]         0
[icon_sizes]      9  (   1,     0)  (   2, 40960)  [    -1,122879]         0
[icon_sizes]     10  (   1,     0)  (   2, 40960)  [    -1,122879]         0
[icon_sizes]     11  (   1,     0)  (   2, 40960)  [    -1,122879]         0
[icon_sizes]     12  (   1,     0)  (   2, 40960)  [    -1,122879]         0
[icon_sizes]     13  (   1,     1)  (   2, 40960)  [     0,122879]    122880
[icon_sizes]     14  (   1,     1)  (   1,     0)  [     0,    -1]         0
[icon_sizes]     15  (   1,     1)  (   1,     0)  [     0,    -1]         0
[icon_sizes]     16  (   1,     1)  (   1,     0)  [     0,    -1]         0
[icon_sizes]     17  (   1,     1)  (   1,     0)  [     0,    -1]         0
[icon_sizes]     18  (   1,     1)  (   1,     0)  [     0,    -1]         0
[icon_sizes]     19  (   1,     1)  (   1,     0)  [     0,    -1]         0
[icon_sizes]     20  (   1,     1)  (   1,     0)  [     0,    -1]         0
[icon_sizes]     21  (   1,     1)  (   1,     0)  [     0,    -1]         0
[icon_sizes]     22  (   1,     1)  (   1,     0)  [     0,    -1]         0
[icon_sizes]     23  (   1,     1)  (   1,     0)  [     0,    -1]         0
[icon_data_loader] done.  Sample cell_idx[0]={0,16384}  vert_idx[0]={0,1}

[locality] exact cell_idx (N=163840, idx_max=81920, unique=81920 = 100.0%):
[locality]   consecutive |idx[je+1]-idx[je]|: avg=208.7  max=81919  same_cl(<8)= 83.5%  within_page(<512)= 97.5%
[locality]   pair |ci0-ci1|:                   avg=217.1  max=40959  same_cl(<8)= 80.2%
[locality]   consecutive histogram:
[locality]     <1:40% <2:68% <4:77% <8:83% <16:87% <32:91% <64:93% <128:95% <256:96% <1024:98% <4096:99% <16384:99% <65536:100% 
[locality] exact vert_idx (N=163840, idx_max=81920, unique=40962 = 50.0%):
[locality]   consecutive |idx[je+1]-idx[je]|: avg= 84.9  max=37732  same_cl(<8)= 89.4%  within_page(<512)= 98.5%
[locality]   pair |ci0-ci1|:                   avg=213.8  max=28093  same_cl(<8)= 75.0%
[locality]   consecutive histogram:
[locality]     <1:47% <2:73% <4:84% <8:89% <16:93% <32:94% <64:96% <128:97% <256:98% <1024:99% <4096:99% <16384:100% <65536:100% 


OPENMP DISPLAY ENVIRONMENT BEGIN
  _OPENMP = '201511'
  [host] OMP_DYNAMIC = 'FALSE'
  [host] OMP_NESTED = 'FALSE'
  [host] OMP_NUM_THREADS = '96'
  [host] OMP_SCHEDULE = 'STATIC'
  [host] OMP_PROC_BIND = 'CLOSE'
  [host] OMP_PLACES = '{0},{1},{2},{3},{4},{5},{6},{7},{8},{9},{10},{11},{12},{13},{14},{15},{16},{17},{18},{19},{20},{21},{22},{23},{24},{25},{26},{27},{28},{29},{30},{31},{32},{33},{34},{35},{36},{37},{38},{39},{40},{41},{42},{43},{44},{45},{46},{47},{48},{49},{50},{51},{52},{53},{54},{55},{56},{57},{58},{59},{60},{61},{62},{63},{64},{65},{66},{67},{68},{69},{70},{71},{72},{73},{74},{75},{76},{77},{78},{79},{80},{81},{82},{83},{84},{85},{86},{87},{88},{89},{90},{91},{92},{93},{94},{95}'
  [host] OMP_STACKSIZE = '0'
  [host] OMP_WAIT_POLICY = 'PASSIVE'
  [host] OMP_THREAD_LIMIT = '4294967295'
  [host] OMP_MAX_ACTIVE_LEVELS = '1'
  [host] OMP_NUM_TEAMS = '0'
  [host] OMP_TEAMS_THREAD_LIMIT = '0'
  [all] OMP_CANCELLATION = 'FALSE'
  [all] OMP_DEFAULT_DEVICE = '0'
  [all] OMP_MAX_TASK_PRIORITY = '0'
  [all] OMP_DISPLAY_AFFINITY = 'FALSE'
  [host] OMP_AFFINITY_FORMAT = 'level %L thread %i affinity %A'
  [host] OMP_ALLOCATOR = 'omp_default_mem_alloc'
  [all] OMP_TARGET_OFFLOAD = 'DEFAULT'
OPENMP DISPLAY ENVIRONMENT END
[icon_data_loader] reading /capstor/scratch/cscs/ybudanaz/beverin/icon-artifacts/velocity/data_r02b05/p_patch.9.data  (nproma=81920)
[icon_sizes] Grid topology:
[icon_sizes]   nproma=81920  nblks_c=1  nblks_e=2  nblks_v=1
[icon_sizes]   n_edges = nproma*nblks_e = 163840
[icon_sizes]   n_cells = nproma*nblks_c = 81920
[icon_sizes]   n_verts = nproma*nblks_v = 81920

[icon_sizes] Edge arrays (serde dimensions):
[icon_sizes] edges/cell_idx                      int  rank=3  (81920, 2, 2)  elements=327680  1.3 MB
[icon_sizes] edges/cell_blk                      int  rank=3  (81920, 2, 2)  elements=327680  1.3 MB
[icon_sizes] edges/vertex_idx                    int  rank=3  (81920, 2, 4)  elements=655360  2.6 MB
[icon_sizes] edges/vertex_blk                    int  rank=3  (81920, 2, 4)  elements=655360  2.6 MB
[icon_sizes] edges/tangent_orientation           dbl  rank=2  (81920, 2)  elements=163840  1.3 MB
[icon_sizes] edges/quad_idx                      int  rank=3  (81920, 2, 4)  elements=655360  2.6 MB
[icon_sizes] edges/quad_blk                      int  rank=3  (81920, 2, 4)  elements=655360  2.6 MB
[icon_sizes] edges/inv_primal_edge_length        dbl  rank=2  (81920, 2)  elements=163840  1.3 MB
[icon_sizes] edges/inv_dual_edge_length          dbl  rank=2  (81920, 2)  elements=163840  1.3 MB
[icon_sizes] edges/area_edge                     dbl  rank=2  (81920, 2)  elements=163840  1.3 MB
[icon_sizes] edges/f_e                           dbl  rank=2  (81920, 2)  elements=163840  1.3 MB
[icon_sizes] edges/fn_e                          dbl  rank=2  (81920, 2)  elements=163840  1.3 MB
[icon_sizes] edges/ft_e                          dbl  rank=2  (81920, 2)  elements=163840  1.3 MB
[icon_sizes] edges/start_index                   int  rank=1  (24)  elements=24  0.0 MB
[icon_sizes] edges/end_index                     int  rank=1  (24)  elements=24  0.0 MB
[icon_sizes] edges/start_block                   int  rank=1  (24)  elements=24  0.0 MB
[icon_sizes] edges/end_block                     int  rank=1  (24)  elements=24  0.0 MB

[icon_sizes] Linearised arrays used in stencil:
[icon_sizes]   cell_idx     [n_edges*2]     = [327680]       (163840 -> [0,81920))
[icon_sizes]   vert_idx     [n_edges*2]     = [327680]       (163840 -> [0,81920))
[icon_sizes]   inv_dual     [n_edges]       = [163840]
[icon_sizes]   inv_primal   [n_edges]       = [163840]
[icon_sizes]   tangent_o    [n_edges]       = [163840]
[icon_sizes]   vn_ie        [n_edges*nlev]  (runtime, per-level)
[icon_sizes]   w            [n_cells*nlev]  (indirect target, n_cells=81920)
[icon_sizes]   z_w_v        [n_verts*nlev]  (indirect target, n_verts=81920)
[icon_sizes]   out          [n_edges*nlev]  (output)

[icon_sizes] n_edges_valid=122880 (75.0% of n_edges=163840)

[icon_sizes] Edge range table (24 levels):
[icon_sizes]    lvl  start(blk,idx)    end(blk,idx)      linear   n_edges
[icon_sizes]      0  (   2, 40961)  (   2, 40960)  [122880,122879]         0
[icon_sizes]      1  (   2, 40961)  (   2, 40960)  [122880,122879]         0
[icon_sizes]      2  (   2, 40961)  (   2, 40960)  [122880,122879]         0
[icon_sizes]      3  (   2, 40961)  (   2, 40960)  [122880,122879]         0
[icon_sizes]      4  (   2, 40961)  (   2, 40960)  [122880,122879]         0
[icon_sizes]      5  (   1,     0)  (   2, 40960)  [    -1,122879]         0
[icon_sizes]      6  (   1,     0)  (   2, 40960)  [    -1,122879]         0
[icon_sizes]      7  (   1,     0)  (   2, 40960)  [    -1,122879]         0
[icon_sizes]      8  (   1,     0)  (   2, 40960)  [    -1,122879]         0
[icon_sizes]      9  (   1,     0)  (   2, 40960)  [    -1,122879]         0
[icon_sizes]     10  (   1,     0)  (   2, 40960)  [    -1,122879]         0
[icon_sizes]     11  (   1,     0)  (   2, 40960)  [    -1,122879]         0
[icon_sizes]     12  (   1,     0)  (   2, 40960)  [    -1,122879]         0
[icon_sizes]     13  (   1,     1)  (   2, 40960)  [     0,122879]    122880
[icon_sizes]     14  (   1,     1)  (   1,     0)  [     0,    -1]         0
[icon_sizes]     15  (   1,     1)  (   1,     0)  [     0,    -1]         0
[icon_sizes]     16  (   1,     1)  (   1,     0)  [     0,    -1]         0
[icon_sizes]     17  (   1,     1)  (   1,     0)  [     0,    -1]         0
[icon_sizes]     18  (   1,     1)  (   1,     0)  [     0,    -1]         0
[icon_sizes]     19  (   1,     1)  (   1,     0)  [     0,    -1]         0
[icon_sizes]     20  (   1,     1)  (   1,     0)  [     0,    -1]         0
[icon_sizes]     21  (   1,     1)  (   1,     0)  [     0,    -1]         0
[icon_sizes]     22  (   1,     1)  (   1,     0)  [     0,    -1]         0
[icon_sizes]     23  (   1,     1)  (   1,     0)  [     0,    -1]         0
[icon_data_loader] done.  Sample cell_idx[0]={0,16384}  vert_idx[0]={0,1}

OPENMP DISPLAY ENVIRONMENT BEGIN
  _OPENMP = '201511'
  [host] OMP_DYNAMIC = 'FALSE'
  [host] OMP_NESTED = 'FALSE'
  [host] OMP_NUM_THREADS = '96'
  [host] OMP_SCHEDULE = 'STATIC'
  [host] OMP_PROC_BIND = 'CLOSE'
  [host] OMP_PLACES = '{0},{1},{2},{3},{4},{5},{6},{7},{8},{9},{10},{11},{12},{13},{14},{15},{16},{17},{18},{19},{20},{21},{22},{23},{24},{25},{26},{27},{28},{29},{30},{31},{32},{33},{34},{35},{36},{37},{38},{39},{40},{41},{42},{43},{44},{45},{46},{47},{48},{49},{50},{51},{52},{53},{54},{55},{56},{57},{58},{59},{60},{61},{62},{63},{64},{65},{66},{67},{68},{69},{70},{71},{72},{73},{74},{75},{76},{77},{78},{79},{80},{81},{82},{83},{84},{85},{86},{87},{88},{89},{90},{91},{92},{93},{94},{95}'
  [host] OMP_STACKSIZE = '0'
  [host] OMP_WAIT_POLICY = 'PASSIVE'
  [host] OMP_THREAD_LIMIT = '4294967295'
  [host] OMP_MAX_ACTIVE_LEVELS = '1'
  [host] OMP_NUM_TEAMS = '0'
  [host] OMP_TEAMS_THREAD_LIMIT = '0'
  [all] OMP_CANCELLATION = 'FALSE'
  [all] OMP_DEFAULT_DEVICE = '0'
  [all] OMP_MAX_TASK_PRIORITY = '0'
  [all] OMP_DISPLAY_AFFINITY = 'FALSE'
  [host] OMP_AFFINITY_FORMAT = 'level %L thread %i affinity %A'
  [host] OMP_ALLOCATOR = 'omp_default_mem_alloc'
  [all] OMP_TARGET_OFFLOAD = 'DEFAULT'
OPENMP DISPLAY ENVIRONMENT END
[icon_data_loader] reading /capstor/scratch/cscs/ybudanaz/beverin/icon-artifacts/velocity/data_r02b05/p_patch.9.data  (nproma=81920)
[icon_sizes] Grid topology:
[icon_sizes]   nproma=81920  nblks_c=1  nblks_e=2  nblks_v=1
[icon_sizes]   n_edges = nproma*nblks_e = 163840
[icon_sizes]   n_cells = nproma*nblks_c = 81920
[icon_sizes]   n_verts = nproma*nblks_v = 81920

[icon_sizes] Edge arrays (serde dimensions):
[icon_sizes] edges/cell_idx                      int  rank=3  (81920, 2, 2)  elements=327680  1.3 MB
[icon_sizes] edges/cell_blk                      int  rank=3  (81920, 2, 2)  elements=327680  1.3 MB
[icon_sizes] edges/vertex_idx                    int  rank=3  (81920, 2, 4)  elements=655360  2.6 MB
[icon_sizes] edges/vertex_blk                    int  rank=3  (81920, 2, 4)  elements=655360  2.6 MB
[icon_sizes] edges/tangent_orientation           dbl  rank=2  (81920, 2)  elements=163840  1.3 MB
[icon_sizes] edges/quad_idx                      int  rank=3  (81920, 2, 4)  elements=655360  2.6 MB
[icon_sizes] edges/quad_blk                      int  rank=3  (81920, 2, 4)  elements=655360  2.6 MB
[icon_sizes] edges/inv_primal_edge_length        dbl  rank=2  (81920, 2)  elements=163840  1.3 MB
[icon_sizes] edges/inv_dual_edge_length          dbl  rank=2  (81920, 2)  elements=163840  1.3 MB
[icon_sizes] edges/area_edge                     dbl  rank=2  (81920, 2)  elements=163840  1.3 MB
[icon_sizes] edges/f_e                           dbl  rank=2  (81920, 2)  elements=163840  1.3 MB
[icon_sizes] edges/fn_e                          dbl  rank=2  (81920, 2)  elements=163840  1.3 MB
[icon_sizes] edges/ft_e                          dbl  rank=2  (81920, 2)  elements=163840  1.3 MB
[icon_sizes] edges/start_index                   int  rank=1  (24)  elements=24  0.0 MB
[icon_sizes] edges/end_index                     int  rank=1  (24)  elements=24  0.0 MB
[icon_sizes] edges/start_block                   int  rank=1  (24)  elements=24  0.0 MB
[icon_sizes] edges/end_block                     int  rank=1  (24)  elements=24  0.0 MB

[icon_sizes] Linearised arrays used in stencil:
[icon_sizes]   cell_idx     [n_edges*2]     = [327680]       (163840 -> [0,81920))
[icon_sizes]   vert_idx     [n_edges*2]     = [327680]       (163840 -> [0,81920))
[icon_sizes]   inv_dual     [n_edges]       = [163840]
[icon_sizes]   inv_primal   [n_edges]       = [163840]
[icon_sizes]   tangent_o    [n_edges]       = [163840]
[icon_sizes]   vn_ie        [n_edges*nlev]  (runtime, per-level)
[icon_sizes]   w            [n_cells*nlev]  (indirect target, n_cells=81920)
[icon_sizes]   z_w_v        [n_verts*nlev]  (indirect target, n_verts=81920)
[icon_sizes]   out          [n_edges*nlev]  (output)

[icon_sizes] n_edges_valid=122880 (75.0% of n_edges=163840)

[icon_sizes] Edge range table (24 levels):
[icon_sizes]    lvl  start(blk,idx)    end(blk,idx)      linear   n_edges
[icon_sizes]      0  (   2, 40961)  (   2, 40960)  [122880,122879]         0
[icon_sizes]      1  (   2, 40961)  (   2, 40960)  [122880,122879]         0
[icon_sizes]      2  (   2, 40961)  (   2, 40960)  [122880,122879]         0
[icon_sizes]      3  (   2, 40961)  (   2, 40960)  [122880,122879]         0
[icon_sizes]      4  (   2, 40961)  (   2, 40960)  [122880,122879]         0
[icon_sizes]      5  (   1,     0)  (   2, 40960)  [    -1,122879]         0
[icon_sizes]      6  (   1,     0)  (   2, 40960)  [    -1,122879]         0
[icon_sizes]      7  (   1,     0)  (   2, 40960)  [    -1,122879]         0
[icon_sizes]      8  (   1,     0)  (   2, 40960)  [    -1,122879]         0
[icon_sizes]      9  (   1,     0)  (   2, 40960)  [    -1,122879]         0
[icon_sizes]     10  (   1,     0)  (   2, 40960)  [    -1,122879]         0
[icon_sizes]     11  (   1,     0)  (   2, 40960)  [    -1,122879]         0
[icon_sizes]     12  (   1,     0)  (   2, 40960)  [    -1,122879]         0
[icon_sizes]     13  (   1,     1)  (   2, 40960)  [     0,122879]    122880
[icon_sizes]     14  (   1,     1)  (   1,     0)  [     0,    -1]         0
[icon_sizes]     15  (   1,     1)  (   1,     0)  [     0,    -1]         0
[icon_sizes]     16  (   1,     1)  (   1,     0)  [     0,    -1]         0
[icon_sizes]     17  (   1,     1)  (   1,     0)  [     0,    -1]         0
[icon_sizes]     18  (   1,     1)  (   1,     0)  [     0,    -1]         0
[icon_sizes]     19  (   1,     1)  (   1,     0)  [     0,    -1]         0
[icon_sizes]     20  (   1,     1)  (   1,     0)  [     0,    -1]         0
[icon_sizes]     21  (   1,     1)  (   1,     0)  [     0,    -1]         0
[icon_sizes]     22  (   1,     1)  (   1,     0)  [     0,    -1]         0
[icon_sizes]     23  (   1,     1)  (   1,     0)  [     0,    -1]         0
[icon_data_loader] done.  Sample cell_idx[0]={0,16384}  vert_idx[0]={0,1}
