
OPENMP DISPLAY ENVIRONMENT BEGIN
  _OPENMP = '201511'
  [host] OMP_DYNAMIC = 'FALSE'
  [host] OMP_NESTED = 'FALSE'
  [host] OMP_NUM_THREADS = '96'
  [host] OMP_SCHEDULE = 'STATIC'
  [host] OMP_PROC_BIND = 'CLOSE'
  [host] OMP_PLACES = '{0},{1},{2},{3},{4},{5},{6},{7},{8},{9},{10},{11},{12},{13},{14},{15},{16},{17},{18},{19},{20},{21},{22},{23},{24},{25},{26},{27},{28},{29},{30},{31},{32},{33},{34},{35},{36},{37},{38},{39},{40},{41},{42},{43},{44},{45},{46},{47},{48},{49},{50},{51},{52},{53},{54},{55},{56},{57},{58},{59},{60},{61},{62},{63},{64},{65},{66},{67},{68},{69},{70},{71},{72},{73},{74},{75},{76},{77},{78},{79},{80},{81},{82},{83},{84},{85},{86},{87},{88},{89},{90},{91},{92},{93},{94},{95}'
  [host] OMP_STACKSIZE = '0'
  [host] OMP_WAIT_POLICY = 'PASSIVE'
  [host] OMP_THREAD_LIMIT = '4294967295'
  [host] OMP_MAX_ACTIVE_LEVELS = '1'
  [host] OMP_NUM_TEAMS = '0'
  [host] OMP_TEAMS_THREAD_LIMIT = '0'
  [all] OMP_CANCELLATION = 'FALSE'
  [all] OMP_DEFAULT_DEVICE = '0'
  [all] OMP_MAX_TASK_PRIORITY = '0'
  [all] OMP_DISPLAY_AFFINITY = 'FALSE'
  [host] OMP_AFFINITY_FORMAT = 'level %L thread %i affinity %A'
  [host] OMP_ALLOCATOR = 'omp_default_mem_alloc'
  [all] OMP_TARGET_OFFLOAD = 'DEFAULT'
OPENMP DISPLAY ENVIRONMENT END
[verify][OK]   AoS-inplace<P=3>
[verify][OK]   SoA-inplace<P=3>
[verify][OK]   AoSoA-2-inplace<P=3>
[verify][OK]   AoSoA-4-inplace<P=3>
[verify][OK]   AoSoA-8-inplace<P=3>
[verify][OK]   AoSoA-16-inplace<P=3>
[verify][OK]   AoSoA-32-inplace<P=3>
[verify][OK]   AoSoA-64-inplace<P=3>
[verify][OK]   AoSoA-128-inplace<P=3>
[verify][OK]   AoSoA-256-inplace<P=3>
[verify][OK]   AoSoA-512-inplace<P=3>
[verify][OK]   AoS-inplace<P=6>
[verify][OK]   SoA-inplace<P=6>
[verify][OK]   AoSoA-2-inplace<P=6>
[verify][OK]   AoSoA-4-inplace<P=6>
[verify][OK]   AoSoA-8-inplace<P=6>
[verify][OK]   AoSoA-16-inplace<P=6>
[verify][OK]   AoSoA-32-inplace<P=6>
[verify][OK]   AoSoA-64-inplace<P=6>
[verify][OK]   AoSoA-128-inplace<P=6>
[verify][OK]   AoSoA-256-inplace<P=6>
[verify][OK]   AoSoA-512-inplace<P=6>
[verify][OK]   AoS-inplace<P=9>
[verify][OK]   SoA-inplace<P=9>
[verify][OK]   AoSoA-2-inplace<P=9>
[verify][OK]   AoSoA-4-inplace<P=9>
[verify][OK]   AoSoA-8-inplace<P=9>
[verify][OK]   AoSoA-16-inplace<P=9>
[verify][OK]   AoSoA-32-inplace<P=9>
[verify][OK]   AoSoA-64-inplace<P=9>
[verify][OK]   AoSoA-128-inplace<P=9>
[verify][OK]   AoSoA-256-inplace<P=9>
[verify][OK]   AoSoA-512-inplace<P=9>
[verify][OK]   AoS-inplace<P=12>
[verify][OK]   SoA-inplace<P=12>
[verify][OK]   AoSoA-2-inplace<P=12>
[verify][OK]   AoSoA-4-inplace<P=12>
[verify][OK]   AoSoA-8-inplace<P=12>
[verify][OK]   AoSoA-16-inplace<P=12>
[verify][OK]   AoSoA-32-inplace<P=12>
[verify][OK]   AoSoA-64-inplace<P=12>
[verify][OK]   AoSoA-128-inplace<P=12>
[verify][OK]   AoSoA-256-inplace<P=12>
[verify][OK]   AoSoA-512-inplace<P=12>
[verify][OK]   AoS-inplace<P=15>
[verify][OK]   SoA-inplace<P=15>
[verify][OK]   AoSoA-2-inplace<P=15>
[verify][OK]   AoSoA-4-inplace<P=15>
[verify][OK]   AoSoA-8-inplace<P=15>
[verify][OK]   AoSoA-16-inplace<P=15>
[verify][OK]   AoSoA-32-inplace<P=15>
[verify][OK]   AoSoA-64-inplace<P=15>
[verify][OK]   AoSoA-128-inplace<P=15>
[verify][OK]   AoSoA-256-inplace<P=15>
[verify][OK]   AoSoA-512-inplace<P=15>
[verify][OK]   AoS-inplace<P=18>
[verify][OK]   SoA-inplace<P=18>
[verify][OK]   AoSoA-2-inplace<P=18>
[verify][OK]   AoSoA-4-inplace<P=18>
[verify][OK]   AoSoA-8-inplace<P=18>
[verify][OK]   AoSoA-16-inplace<P=18>
[verify][OK]   AoSoA-32-inplace<P=18>
[verify][OK]   AoSoA-64-inplace<P=18>
[verify][OK]   AoSoA-128-inplace<P=18>
[verify][OK]   AoSoA-256-inplace<P=18>
[verify][OK]   AoSoA-512-inplace<P=18>
[verify][OK]   AoS-inplace<P=21>
[verify][OK]   SoA-inplace<P=21>
[verify][OK]   AoSoA-2-inplace<P=21>
[verify][OK]   AoSoA-4-inplace<P=21>
[verify][OK]   AoSoA-8-inplace<P=21>
[verify][OK]   AoSoA-16-inplace<P=21>
[verify][OK]   AoSoA-32-inplace<P=21>
[verify][OK]   AoSoA-64-inplace<P=21>
[verify][OK]   AoSoA-128-inplace<P=21>
[verify][OK]   AoSoA-256-inplace<P=21>
[verify][OK]   AoSoA-512-inplace<P=21>

OPENMP DISPLAY ENVIRONMENT BEGIN
  _OPENMP = '201511'
  [host] OMP_DYNAMIC = 'FALSE'
  [host] OMP_NESTED = 'FALSE'
  [host] OMP_NUM_THREADS = '96'
  [host] OMP_SCHEDULE = 'STATIC'
  [host] OMP_PROC_BIND = 'CLOSE'
  [host] OMP_PLACES = '{0},{1},{2},{3},{4},{5},{6},{7},{8},{9},{10},{11},{12},{13},{14},{15},{16},{17},{18},{19},{20},{21},{22},{23},{24},{25},{26},{27},{28},{29},{30},{31},{32},{33},{34},{35},{36},{37},{38},{39},{40},{41},{42},{43},{44},{45},{46},{47},{48},{49},{50},{51},{52},{53},{54},{55},{56},{57},{58},{59},{60},{61},{62},{63},{64},{65},{66},{67},{68},{69},{70},{71},{72},{73},{74},{75},{76},{77},{78},{79},{80},{81},{82},{83},{84},{85},{86},{87},{88},{89},{90},{91},{92},{93},{94},{95}'
  [host] OMP_STACKSIZE = '0'
  [host] OMP_WAIT_POLICY = 'PASSIVE'
  [host] OMP_THREAD_LIMIT = '4294967295'
  [host] OMP_MAX_ACTIVE_LEVELS = '1'
  [host] OMP_NUM_TEAMS = '0'
  [host] OMP_TEAMS_THREAD_LIMIT = '0'
  [all] OMP_CANCELLATION = 'FALSE'
  [all] OMP_DEFAULT_DEVICE = '0'
  [all] OMP_MAX_TASK_PRIORITY = '0'
  [all] OMP_DISPLAY_AFFINITY = 'FALSE'
  [host] OMP_AFFINITY_FORMAT = 'level %L thread %i affinity %A'
  [host] OMP_ALLOCATOR = 'omp_default_mem_alloc'
  [all] OMP_TARGET_OFFLOAD = 'DEFAULT'
OPENMP DISPLAY ENVIRONMENT END
[verify][OK]   AoS<P=3>
[verify][OK]   SoA<P=3>
[verify][OK]   AoSoA-2<P=3>
[verify][OK]   AoSoA-4<P=3>
[verify][OK]   AoSoA-8<P=3>
[verify][OK]   AoSoA-16<P=3>
[verify][OK]   AoSoA-32<P=3>
[verify][OK]   AoSoA-64<P=3>
[verify][OK]   AoSoA-128<P=3>
[verify][OK]   AoSoA-256<P=3>
[verify][OK]   AoSoA-512<P=3>
[verify][OK]   AoS<P=6>
[verify][OK]   SoA<P=6>
[verify][OK]   AoSoA-2<P=6>
[verify][OK]   AoSoA-4<P=6>
[verify][OK]   AoSoA-8<P=6>
[verify][OK]   AoSoA-16<P=6>
[verify][OK]   AoSoA-32<P=6>
[verify][OK]   AoSoA-64<P=6>
[verify][OK]   AoSoA-128<P=6>
[verify][OK]   AoSoA-256<P=6>
[verify][OK]   AoSoA-512<P=6>
[verify][OK]   AoS<P=9>
[verify][OK]   SoA<P=9>
[verify][OK]   AoSoA-2<P=9>
[verify][OK]   AoSoA-4<P=9>
[verify][OK]   AoSoA-8<P=9>
[verify][OK]   AoSoA-16<P=9>
[verify][OK]   AoSoA-32<P=9>
[verify][OK]   AoSoA-64<P=9>
[verify][OK]   AoSoA-128<P=9>
[verify][OK]   AoSoA-256<P=9>
[verify][OK]   AoSoA-512<P=9>
[verify][OK]   AoS<P=12>
[verify][OK]   SoA<P=12>
[verify][OK]   AoSoA-2<P=12>
[verify][OK]   AoSoA-4<P=12>
[verify][OK]   AoSoA-8<P=12>
[verify][OK]   AoSoA-16<P=12>
[verify][OK]   AoSoA-32<P=12>
[verify][OK]   AoSoA-64<P=12>
[verify][OK]   AoSoA-128<P=12>
[verify][OK]   AoSoA-256<P=12>
[verify][OK]   AoSoA-512<P=12>
[verify][OK]   AoS<P=15>
[verify][OK]   SoA<P=15>
[verify][OK]   AoSoA-2<P=15>
[verify][OK]   AoSoA-4<P=15>
[verify][OK]   AoSoA-8<P=15>
[verify][OK]   AoSoA-16<P=15>
[verify][OK]   AoSoA-32<P=15>
[verify][OK]   AoSoA-64<P=15>
[verify][OK]   AoSoA-128<P=15>
[verify][OK]   AoSoA-256<P=15>
[verify][OK]   AoSoA-512<P=15>
[verify][OK]   AoS<P=18>
[verify][OK]   SoA<P=18>
[verify][OK]   AoSoA-2<P=18>
[verify][OK]   AoSoA-4<P=18>
[verify][OK]   AoSoA-8<P=18>
[verify][OK]   AoSoA-16<P=18>
[verify][OK]   AoSoA-32<P=18>
[verify][OK]   AoSoA-64<P=18>
[verify][OK]   AoSoA-128<P=18>
[verify][OK]   AoSoA-256<P=18>
[verify][OK]   AoSoA-512<P=18>
[verify][OK]   AoS<P=21>
[verify][OK]   SoA<P=21>
[verify][OK]   AoSoA-2<P=21>
[verify][OK]   AoSoA-4<P=21>
[verify][OK]   AoSoA-8<P=21>
[verify][OK]   AoSoA-16<P=21>
[verify][OK]   AoSoA-32<P=21>
[verify][OK]   AoSoA-64<P=21>
[verify][OK]   AoSoA-128<P=21>
[verify][OK]   AoSoA-256<P=21>
[verify][OK]   AoSoA-512<P=21>

OPENMP DISPLAY ENVIRONMENT BEGIN
  _OPENMP = '201511'
  [host] OMP_DYNAMIC = 'FALSE'
  [host] OMP_NESTED = 'FALSE'
  [host] OMP_NUM_THREADS = '96'
  [host] OMP_SCHEDULE = 'STATIC'
  [host] OMP_PROC_BIND = 'CLOSE'
  [host] OMP_PLACES = '{0},{1},{2},{3},{4},{5},{6},{7},{8},{9},{10},{11},{12},{13},{14},{15},{16},{17},{18},{19},{20},{21},{22},{23},{24},{25},{26},{27},{28},{29},{30},{31},{32},{33},{34},{35},{36},{37},{38},{39},{40},{41},{42},{43},{44},{45},{46},{47},{48},{49},{50},{51},{52},{53},{54},{55},{56},{57},{58},{59},{60},{61},{62},{63},{64},{65},{66},{67},{68},{69},{70},{71},{72},{73},{74},{75},{76},{77},{78},{79},{80},{81},{82},{83},{84},{85},{86},{87},{88},{89},{90},{91},{92},{93},{94},{95}'
  [host] OMP_STACKSIZE = '0'
  [host] OMP_WAIT_POLICY = 'PASSIVE'
  [host] OMP_THREAD_LIMIT = '4294967295'
  [host] OMP_MAX_ACTIVE_LEVELS = '1'
  [host] OMP_NUM_TEAMS = '0'
  [host] OMP_TEAMS_THREAD_LIMIT = '0'
  [all] OMP_CANCELLATION = 'FALSE'
  [all] OMP_DEFAULT_DEVICE = '0'
  [all] OMP_MAX_TASK_PRIORITY = '0'
  [all] OMP_DISPLAY_AFFINITY = 'FALSE'
  [host] OMP_AFFINITY_FORMAT = 'level %L thread %i affinity %A'
  [host] OMP_ALLOCATOR = 'omp_default_mem_alloc'
  [all] OMP_TARGET_OFFLOAD = 'DEFAULT'
OPENMP DISPLAY ENVIRONMENT END

OPENMP DISPLAY ENVIRONMENT BEGIN
  _OPENMP = '201511'
  [host] OMP_DYNAMIC = 'FALSE'
  [host] OMP_NESTED = 'FALSE'
  [host] OMP_NUM_THREADS = '96'
  [host] OMP_SCHEDULE = 'STATIC'
  [host] OMP_PROC_BIND = 'CLOSE'
  [host] OMP_PLACES = '{0},{1},{2},{3},{4},{5},{6},{7},{8},{9},{10},{11},{12},{13},{14},{15},{16},{17},{18},{19},{20},{21},{22},{23},{24},{25},{26},{27},{28},{29},{30},{31},{32},{33},{34},{35},{36},{37},{38},{39},{40},{41},{42},{43},{44},{45},{46},{47},{48},{49},{50},{51},{52},{53},{54},{55},{56},{57},{58},{59},{60},{61},{62},{63},{64},{65},{66},{67},{68},{69},{70},{71},{72},{73},{74},{75},{76},{77},{78},{79},{80},{81},{82},{83},{84},{85},{86},{87},{88},{89},{90},{91},{92},{93},{94},{95}'
  [host] OMP_STACKSIZE = '0'
  [host] OMP_WAIT_POLICY = 'PASSIVE'
  [host] OMP_THREAD_LIMIT = '4294967295'
  [host] OMP_MAX_ACTIVE_LEVELS = '1'
  [host] OMP_NUM_TEAMS = '0'
  [host] OMP_TEAMS_THREAD_LIMIT = '0'
  [all] OMP_CANCELLATION = 'FALSE'
  [all] OMP_DEFAULT_DEVICE = '0'
  [all] OMP_MAX_TASK_PRIORITY = '0'
  [all] OMP_DISPLAY_AFFINITY = 'FALSE'
  [host] OMP_AFFINITY_FORMAT = 'level %L thread %i affinity %A'
  [host] OMP_ALLOCATOR = 'omp_default_mem_alloc'
  [all] OMP_TARGET_OFFLOAD = 'DEFAULT'
OPENMP DISPLAY ENVIRONMENT END
