[setup_daint] data check via download_data.sh
[E4 download] bin/ already populated (3 .bin files) -- skip.
[E4 daint] host=nid006372 threads=288
Thread sweep: 24 48 72 96 

>>> SMALL qe  ny=225001 nx=110273
  qe nthreads=24
  qe nthreads=48
  qe nthreads=72
  qe nthreads=96

>>> SMALL uniform_s0
  uniform_s0 nthreads=24
  uniform_s0 nthreads=48
  uniform_s0 nthreads=72
  uniform_s0 nthreads=96

>>> SMALL uniform_s1
  uniform_s1 nthreads=24
  uniform_s1 nthreads=48
  uniform_s1 nthreads=72
  uniform_s1 nthreads=96

>>> SMALL uniform_s2
  uniform_s2 nthreads=24
  uniform_s2 nthreads=48
  uniform_s2 nthreads=72
  uniform_s2 nthreads=96

>>> SMALL uniform_s3
  uniform_s3 nthreads=24
  uniform_s3 nthreads=48
  uniform_s3 nthreads=72
  uniform_s3 nthreads=96

>>> SMALL uniform_s4
  uniform_s4 nthreads=24
  uniform_s4 nthreads=48
  uniform_s4 nthreads=72
  uniform_s4 nthreads=96

>>> SMALL normal_s0
  normal_s0 nthreads=24
  normal_s0 nthreads=48
  normal_s0 nthreads=72
  normal_s0 nthreads=96

>>> SMALL normal_s1
  normal_s1 nthreads=24
  normal_s1 nthreads=48
  normal_s1 nthreads=72
  normal_s1 nthreads=96

>>> SMALL normal_s2
  normal_s2 nthreads=24
  normal_s2 nthreads=48
  normal_s2 nthreads=72
  normal_s2 nthreads=96

>>> SMALL normal_s3
  normal_s3 nthreads=24
  normal_s3 nthreads=48
  normal_s3 nthreads=72
  normal_s3 nthreads=96

>>> SMALL normal_s4
  normal_s4 nthreads=24
  normal_s4 nthreads=48
  normal_s4 nthreads=72
  normal_s4 nthreads=96

>>> 1GB qe_tiled
    Tiled K=200  nx=22054600 ny=45000200  footprint=1023 MB
  qe_tiled nthreads=24
  qe_tiled nthreads=48
  qe_tiled nthreads=72
  qe_tiled nthreads=96

>>> 1GB uniform_tiled_s0
    Tiled K=200  nx=22054600 ny=45000200  footprint=1023 MB
  uniform_tiled_s0 nthreads=24
  uniform_tiled_s0 nthreads=48
  uniform_tiled_s0 nthreads=72
  uniform_tiled_s0 nthreads=96

>>> 1GB uniform_tiled_s1
    Tiled K=200  nx=22054600 ny=45000200  footprint=1023 MB
  uniform_tiled_s1 nthreads=24
  uniform_tiled_s1 nthreads=48
  uniform_tiled_s1 nthreads=72
  uniform_tiled_s1 nthreads=96

>>> 1GB uniform_tiled_s2
    Tiled K=200  nx=22054600 ny=45000200  footprint=1023 MB
  uniform_tiled_s2 nthreads=24
  uniform_tiled_s2 nthreads=48
  uniform_tiled_s2 nthreads=72
  uniform_tiled_s2 nthreads=96

>>> 1GB uniform_tiled_s3
    Tiled K=200  nx=22054600 ny=45000200  footprint=1023 MB
  uniform_tiled_s3 nthreads=24
  uniform_tiled_s3 nthreads=48
  uniform_tiled_s3 nthreads=72
  uniform_tiled_s3 nthreads=96

>>> 1GB uniform_tiled_s4
    Tiled K=200  nx=22054600 ny=45000200  footprint=1023 MB
  uniform_tiled_s4 nthreads=24
  uniform_tiled_s4 nthreads=48
  uniform_tiled_s4 nthreads=72
  uniform_tiled_s4 nthreads=96

>>> 1GB normal_tiled_s0
    Tiled K=200  nx=22054600 ny=45000200  footprint=1023 MB
  normal_tiled_s0 nthreads=24
  normal_tiled_s0 nthreads=48
  normal_tiled_s0 nthreads=72
  normal_tiled_s0 nthreads=96

>>> 1GB normal_tiled_s1
    Tiled K=200  nx=22054600 ny=45000200  footprint=1023 MB
  normal_tiled_s1 nthreads=24
  normal_tiled_s1 nthreads=48
  normal_tiled_s1 nthreads=72
  normal_tiled_s1 nthreads=96

>>> 1GB normal_tiled_s2
    Tiled K=200  nx=22054600 ny=45000200  footprint=1023 MB
  normal_tiled_s2 nthreads=24
  normal_tiled_s2 nthreads=48
  normal_tiled_s2 nthreads=72
  normal_tiled_s2 nthreads=96

>>> 1GB normal_tiled_s3
    Tiled K=200  nx=22054600 ny=45000200  footprint=1023 MB
  normal_tiled_s3 nthreads=24
  normal_tiled_s3 nthreads=48
  normal_tiled_s3 nthreads=72
  normal_tiled_s3 nthreads=96

>>> 1GB normal_tiled_s4
    Tiled K=200  nx=22054600 ny=45000200  footprint=1023 MB
  normal_tiled_s4 nthreads=24
  normal_tiled_s4 nthreads=48
  normal_tiled_s4 nthreads=72
  normal_tiled_s4 nthreads=96

Done.  CSVs: zaxpy_sweep_small.csv  zaxpy_sweep_1gb.csv

>>> SMALL qe  ny=225001 nx=110273
  qe tpb=32 cf=1
  qe tpb=32 cf=2
  qe tpb=32 cf=4
  qe tpb=32 cf=8
  qe tpb=64 cf=1
  qe tpb=64 cf=2
  qe tpb=64 cf=4
  qe tpb=64 cf=8
  qe tpb=128 cf=1
  qe tpb=128 cf=2
  qe tpb=128 cf=4
  qe tpb=128 cf=8
  qe tpb=256 cf=1
  qe tpb=256 cf=2
  qe tpb=256 cf=4
  qe tpb=256 cf=8
  qe tpb=384 cf=1
  qe tpb=384 cf=2
  qe tpb=384 cf=4
  qe tpb=384 cf=8
  qe tpb=512 cf=1
  qe tpb=512 cf=2
  qe tpb=512 cf=4
  qe tpb=512 cf=8
  qe tpb=1024 cf=1
  qe tpb=1024 cf=2
  qe tpb=1024 cf=4
  qe tpb=1024 cf=8

>>> SMALL uniform_s0  ny=225001 nx=110273
  uniform_s0 tpb=32 cf=1
  uniform_s0 tpb=32 cf=2
  uniform_s0 tpb=32 cf=4
  uniform_s0 tpb=32 cf=8
  uniform_s0 tpb=64 cf=1
  uniform_s0 tpb=64 cf=2
  uniform_s0 tpb=64 cf=4
  uniform_s0 tpb=64 cf=8
  uniform_s0 tpb=128 cf=1
  uniform_s0 tpb=128 cf=2
  uniform_s0 tpb=128 cf=4
  uniform_s0 tpb=128 cf=8
  uniform_s0 tpb=256 cf=1
  uniform_s0 tpb=256 cf=2
  uniform_s0 tpb=256 cf=4
  uniform_s0 tpb=256 cf=8
  uniform_s0 tpb=384 cf=1
  uniform_s0 tpb=384 cf=2
  uniform_s0 tpb=384 cf=4
  uniform_s0 tpb=384 cf=8
  uniform_s0 tpb=512 cf=1
  uniform_s0 tpb=512 cf=2
  uniform_s0 tpb=512 cf=4
  uniform_s0 tpb=512 cf=8
  uniform_s0 tpb=1024 cf=1
  uniform_s0 tpb=1024 cf=2
  uniform_s0 tpb=1024 cf=4
  uniform_s0 tpb=1024 cf=8

>>> SMALL uniform_s1  ny=225001 nx=110273
  uniform_s1 tpb=32 cf=1
  uniform_s1 tpb=32 cf=2
  uniform_s1 tpb=32 cf=4
  uniform_s1 tpb=32 cf=8
  uniform_s1 tpb=64 cf=1
  uniform_s1 tpb=64 cf=2
  uniform_s1 tpb=64 cf=4
  uniform_s1 tpb=64 cf=8
  uniform_s1 tpb=128 cf=1
  uniform_s1 tpb=128 cf=2
  uniform_s1 tpb=128 cf=4
  uniform_s1 tpb=128 cf=8
  uniform_s1 tpb=256 cf=1
  uniform_s1 tpb=256 cf=2
  uniform_s1 tpb=256 cf=4
  uniform_s1 tpb=256 cf=8
  uniform_s1 tpb=384 cf=1
  uniform_s1 tpb=384 cf=2
  uniform_s1 tpb=384 cf=4
  uniform_s1 tpb=384 cf=8
  uniform_s1 tpb=512 cf=1
  uniform_s1 tpb=512 cf=2
  uniform_s1 tpb=512 cf=4
  uniform_s1 tpb=512 cf=8
  uniform_s1 tpb=1024 cf=1
  uniform_s1 tpb=1024 cf=2
  uniform_s1 tpb=1024 cf=4
  uniform_s1 tpb=1024 cf=8

>>> SMALL uniform_s2  ny=225001 nx=110273
  uniform_s2 tpb=32 cf=1
  uniform_s2 tpb=32 cf=2
  uniform_s2 tpb=32 cf=4
  uniform_s2 tpb=32 cf=8
  uniform_s2 tpb=64 cf=1
  uniform_s2 tpb=64 cf=2
  uniform_s2 tpb=64 cf=4
  uniform_s2 tpb=64 cf=8
  uniform_s2 tpb=128 cf=1
  uniform_s2 tpb=128 cf=2
  uniform_s2 tpb=128 cf=4
  uniform_s2 tpb=128 cf=8
  uniform_s2 tpb=256 cf=1
  uniform_s2 tpb=256 cf=2
  uniform_s2 tpb=256 cf=4
  uniform_s2 tpb=256 cf=8
  uniform_s2 tpb=384 cf=1
  uniform_s2 tpb=384 cf=2
  uniform_s2 tpb=384 cf=4
  uniform_s2 tpb=384 cf=8
  uniform_s2 tpb=512 cf=1
  uniform_s2 tpb=512 cf=2
  uniform_s2 tpb=512 cf=4
  uniform_s2 tpb=512 cf=8
  uniform_s2 tpb=1024 cf=1
  uniform_s2 tpb=1024 cf=2
  uniform_s2 tpb=1024 cf=4
  uniform_s2 tpb=1024 cf=8

>>> SMALL uniform_s3  ny=225001 nx=110273
  uniform_s3 tpb=32 cf=1
  uniform_s3 tpb=32 cf=2
  uniform_s3 tpb=32 cf=4
  uniform_s3 tpb=32 cf=8
  uniform_s3 tpb=64 cf=1
  uniform_s3 tpb=64 cf=2
  uniform_s3 tpb=64 cf=4
  uniform_s3 tpb=64 cf=8
  uniform_s3 tpb=128 cf=1
  uniform_s3 tpb=128 cf=2
  uniform_s3 tpb=128 cf=4
  uniform_s3 tpb=128 cf=8
  uniform_s3 tpb=256 cf=1
  uniform_s3 tpb=256 cf=2
  uniform_s3 tpb=256 cf=4
  uniform_s3 tpb=256 cf=8
  uniform_s3 tpb=384 cf=1
  uniform_s3 tpb=384 cf=2
  uniform_s3 tpb=384 cf=4
  uniform_s3 tpb=384 cf=8
  uniform_s3 tpb=512 cf=1
  uniform_s3 tpb=512 cf=2
  uniform_s3 tpb=512 cf=4
  uniform_s3 tpb=512 cf=8
  uniform_s3 tpb=1024 cf=1
  uniform_s3 tpb=1024 cf=2
  uniform_s3 tpb=1024 cf=4
  uniform_s3 tpb=1024 cf=8

>>> SMALL uniform_s4  ny=225001 nx=110273
  uniform_s4 tpb=32 cf=1
  uniform_s4 tpb=32 cf=2
  uniform_s4 tpb=32 cf=4
  uniform_s4 tpb=32 cf=8
  uniform_s4 tpb=64 cf=1
  uniform_s4 tpb=64 cf=2
  uniform_s4 tpb=64 cf=4
  uniform_s4 tpb=64 cf=8
  uniform_s4 tpb=128 cf=1
  uniform_s4 tpb=128 cf=2
  uniform_s4 tpb=128 cf=4
  uniform_s4 tpb=128 cf=8
  uniform_s4 tpb=256 cf=1
  uniform_s4 tpb=256 cf=2
  uniform_s4 tpb=256 cf=4
  uniform_s4 tpb=256 cf=8
  uniform_s4 tpb=384 cf=1
  uniform_s4 tpb=384 cf=2
  uniform_s4 tpb=384 cf=4
  uniform_s4 tpb=384 cf=8
  uniform_s4 tpb=512 cf=1
  uniform_s4 tpb=512 cf=2
  uniform_s4 tpb=512 cf=4
  uniform_s4 tpb=512 cf=8
  uniform_s4 tpb=1024 cf=1
  uniform_s4 tpb=1024 cf=2
  uniform_s4 tpb=1024 cf=4
  uniform_s4 tpb=1024 cf=8

>>> SMALL normal_s0  ny=225001 nx=110273
  normal_s0 tpb=32 cf=1
  normal_s0 tpb=32 cf=2
  normal_s0 tpb=32 cf=4
  normal_s0 tpb=32 cf=8
  normal_s0 tpb=64 cf=1
  normal_s0 tpb=64 cf=2
  normal_s0 tpb=64 cf=4
  normal_s0 tpb=64 cf=8
  normal_s0 tpb=128 cf=1
  normal_s0 tpb=128 cf=2
  normal_s0 tpb=128 cf=4
  normal_s0 tpb=128 cf=8
  normal_s0 tpb=256 cf=1
  normal_s0 tpb=256 cf=2
  normal_s0 tpb=256 cf=4
  normal_s0 tpb=256 cf=8
  normal_s0 tpb=384 cf=1
  normal_s0 tpb=384 cf=2
  normal_s0 tpb=384 cf=4
  normal_s0 tpb=384 cf=8
  normal_s0 tpb=512 cf=1
  normal_s0 tpb=512 cf=2
  normal_s0 tpb=512 cf=4
  normal_s0 tpb=512 cf=8
  normal_s0 tpb=1024 cf=1
  normal_s0 tpb=1024 cf=2
  normal_s0 tpb=1024 cf=4
  normal_s0 tpb=1024 cf=8

>>> SMALL normal_s1  ny=225001 nx=110273
  normal_s1 tpb=32 cf=1
  normal_s1 tpb=32 cf=2
  normal_s1 tpb=32 cf=4
  normal_s1 tpb=32 cf=8
  normal_s1 tpb=64 cf=1
  normal_s1 tpb=64 cf=2
  normal_s1 tpb=64 cf=4
  normal_s1 tpb=64 cf=8
  normal_s1 tpb=128 cf=1
  normal_s1 tpb=128 cf=2
  normal_s1 tpb=128 cf=4
  normal_s1 tpb=128 cf=8
  normal_s1 tpb=256 cf=1
  normal_s1 tpb=256 cf=2
  normal_s1 tpb=256 cf=4
  normal_s1 tpb=256 cf=8
  normal_s1 tpb=384 cf=1
  normal_s1 tpb=384 cf=2
  normal_s1 tpb=384 cf=4
  normal_s1 tpb=384 cf=8
  normal_s1 tpb=512 cf=1
  normal_s1 tpb=512 cf=2
  normal_s1 tpb=512 cf=4
  normal_s1 tpb=512 cf=8
  normal_s1 tpb=1024 cf=1
  normal_s1 tpb=1024 cf=2
  normal_s1 tpb=1024 cf=4
  normal_s1 tpb=1024 cf=8

>>> SMALL normal_s2  ny=225001 nx=110273
  normal_s2 tpb=32 cf=1
  normal_s2 tpb=32 cf=2
  normal_s2 tpb=32 cf=4
  normal_s2 tpb=32 cf=8
  normal_s2 tpb=64 cf=1
  normal_s2 tpb=64 cf=2
  normal_s2 tpb=64 cf=4
  normal_s2 tpb=64 cf=8
  normal_s2 tpb=128 cf=1
  normal_s2 tpb=128 cf=2
  normal_s2 tpb=128 cf=4
  normal_s2 tpb=128 cf=8
  normal_s2 tpb=256 cf=1
  normal_s2 tpb=256 cf=2
  normal_s2 tpb=256 cf=4
  normal_s2 tpb=256 cf=8
  normal_s2 tpb=384 cf=1
  normal_s2 tpb=384 cf=2
  normal_s2 tpb=384 cf=4
  normal_s2 tpb=384 cf=8
  normal_s2 tpb=512 cf=1
  normal_s2 tpb=512 cf=2
  normal_s2 tpb=512 cf=4
  normal_s2 tpb=512 cf=8
  normal_s2 tpb=1024 cf=1
  normal_s2 tpb=1024 cf=2
  normal_s2 tpb=1024 cf=4
  normal_s2 tpb=1024 cf=8

>>> SMALL normal_s3  ny=225001 nx=110273
  normal_s3 tpb=32 cf=1
  normal_s3 tpb=32 cf=2
  normal_s3 tpb=32 cf=4
  normal_s3 tpb=32 cf=8
  normal_s3 tpb=64 cf=1
  normal_s3 tpb=64 cf=2
  normal_s3 tpb=64 cf=4
  normal_s3 tpb=64 cf=8
  normal_s3 tpb=128 cf=1
  normal_s3 tpb=128 cf=2
  normal_s3 tpb=128 cf=4
  normal_s3 tpb=128 cf=8
  normal_s3 tpb=256 cf=1
  normal_s3 tpb=256 cf=2
  normal_s3 tpb=256 cf=4
  normal_s3 tpb=256 cf=8
  normal_s3 tpb=384 cf=1
  normal_s3 tpb=384 cf=2
  normal_s3 tpb=384 cf=4
  normal_s3 tpb=384 cf=8
  normal_s3 tpb=512 cf=1
  normal_s3 tpb=512 cf=2
  normal_s3 tpb=512 cf=4
  normal_s3 tpb=512 cf=8
  normal_s3 tpb=1024 cf=1
  normal_s3 tpb=1024 cf=2
  normal_s3 tpb=1024 cf=4
  normal_s3 tpb=1024 cf=8

>>> SMALL normal_s4  ny=225001 nx=110273
  normal_s4 tpb=32 cf=1
  normal_s4 tpb=32 cf=2
  normal_s4 tpb=32 cf=4
  normal_s4 tpb=32 cf=8
  normal_s4 tpb=64 cf=1
  normal_s4 tpb=64 cf=2
  normal_s4 tpb=64 cf=4
  normal_s4 tpb=64 cf=8
  normal_s4 tpb=128 cf=1
  normal_s4 tpb=128 cf=2
  normal_s4 tpb=128 cf=4
  normal_s4 tpb=128 cf=8
  normal_s4 tpb=256 cf=1
  normal_s4 tpb=256 cf=2
  normal_s4 tpb=256 cf=4
  normal_s4 tpb=256 cf=8
  normal_s4 tpb=384 cf=1
  normal_s4 tpb=384 cf=2
  normal_s4 tpb=384 cf=4
  normal_s4 tpb=384 cf=8
  normal_s4 tpb=512 cf=1
  normal_s4 tpb=512 cf=2
  normal_s4 tpb=512 cf=4
  normal_s4 tpb=512 cf=8
  normal_s4 tpb=1024 cf=1
  normal_s4 tpb=1024 cf=2
  normal_s4 tpb=1024 cf=4
  normal_s4 tpb=1024 cf=8

>>> 1GB qe_tiled
    Tiled K=200  nx=22054600 ny=45000200  footprint=1023 MB
  qe_tiled tpb=32 cf=1
  qe_tiled tpb=32 cf=2
  qe_til