[E2 daint] host=nid005556 threads=288
conjugate IN-PLACE (CPU): TOTAL_DOUBLES=1024M  runs=100  threads=288
BW = 2·P·N_base·8  (read P im + write P im)
Mode: persistent parallel region (no thread wake-up jitter)
  thread spread: N0=72 N1=72 N2=72 N3=72  (4 NUMA nodes)

── P=3 complex pairs  (3 im streams IP)  N_base=178956800  total=8.6 GB ──
  AoS             16.4066 ms    523.6 GB/s
  SoA             10.9527 ms    784.3 GB/s
  AoSoA-2         16.7008 ms    514.3 GB/s
  AoSoA-4         16.0343 ms    535.7 GB/s
  AoSoA-8          7.9120 ms   1085.7 GB/s
  AoSoA-16         6.9888 ms   1229.1 GB/s
  AoSoA-32         7.2067 ms   1191.9 GB/s
  AoSoA-64         8.7756 ms    978.8 GB/s
  AoSoA-128        8.3239 ms   1032.0 GB/s
  AoSoA-256        9.5014 ms    904.1 GB/s
  AoSoA-512        9.1899 ms    934.7 GB/s

── P=6 complex pairs  (6 im streams IP)  N_base=89478144  total=8.6 GB ──
  AoS             16.6170 ms    516.9 GB/s
  SoA             13.0310 ms    659.2 GB/s
  AoSoA-2         17.2217 ms    498.8 GB/s
  AoSoA-4         17.1014 ms    502.3 GB/s
  AoSoA-8          8.0500 ms   1067.1 GB/s
  AoSoA-16         7.1699 ms   1198.0 GB/s
  AoSoA-32         6.8830 ms   1248.0 GB/s
  AoSoA-64         8.3292 ms   1031.3 GB/s
  AoSoA-128        8.7468 ms    982.1 GB/s
  AoSoA-256        9.6897 ms    886.5 GB/s
  AoSoA-512        9.1011 ms    943.8 GB/s

── P=9 complex pairs  (9 im streams IP)  N_base=59652096  total=8.6 GB ──
  AoS             16.5522 ms    519.0 GB/s
  SoA              6.4821 ms   1325.2 GB/s
  AoSoA-2         16.3987 ms    523.8 GB/s
  AoSoA-4         16.2777 ms    527.7 GB/s
  AoSoA-8          7.6211 ms   1127.1 GB/s
  AoSoA-16         6.8120 ms   1261.0 GB/s
  AoSoA-32         7.0648 ms   1215.9 GB/s
  AoSoA-64         8.6830 ms    989.3 GB/s
  AoSoA-128        8.8374 ms    972.0 GB/s
  AoSoA-256        9.6888 ms    886.6 GB/s
  AoSoA-512        9.0676 ms    947.3 GB/s

── P=12 complex pairs  (12 im streams IP)  N_base=44739072  total=8.6 GB ──
  AoS             16.6143 ms    517.0 GB/s
  SoA              6.6072 ms   1300.1 GB/s
  AoSoA-2         17.4680 ms    491.7 GB/s
  AoSoA-4         16.7738 ms    512.1 GB/s
  AoSoA-8          8.4155 ms   1020.7 GB/s
  AoSoA-16         7.5657 ms   1135.4 GB/s
  AoSoA-32         7.5768 ms   1133.7 GB/s
  AoSoA-64         8.8137 ms    974.6 GB/s
  AoSoA-128        8.4968 ms   1011.0 GB/s
  AoSoA-256        9.4279 ms    911.1 GB/s
  AoSoA-512        8.9396 ms    960.9 GB/s

── P=15 complex pairs  (15 im streams IP)  N_base=35791360  total=8.6 GB ──
  AoS             17.3241 ms    495.8 GB/s
  SoA              6.7426 ms   1274.0 GB/s
  AoSoA-2         16.8736 ms    509.1 GB/s
  AoSoA-4         17.1691 ms    500.3 GB/s
  AoSoA-8          8.1765 ms   1050.6 GB/s
  AoSoA-16         7.7330 ms   1110.8 GB/s
  AoSoA-32         7.4841 ms   1147.8 GB/s
  AoSoA-64         8.1295 ms   1056.6 GB/s
  AoSoA-128        8.5598 ms   1003.5 GB/s
  AoSoA-256        9.6533 ms    889.8 GB/s
  AoSoA-512        9.0345 ms    950.8 GB/s

── P=18 complex pairs  (18 im streams IP)  N_base=29826048  total=8.6 GB ──
  AoS             16.5665 ms    518.5 GB/s
  SoA              7.0604 ms   1216.6 GB/s
  AoSoA-2         16.7153 ms    513.9 GB/s
  AoSoA-4         16.6096 ms    517.2 GB/s
  AoSoA-8          8.1577 ms   1053.0 GB/s
  AoSoA-16         7.4400 ms   1154.6 GB/s
  AoSoA-32         6.9237 ms   1240.7 GB/s
  AoSoA-64         8.4449 ms   1017.2 GB/s
  AoSoA-128        8.5153 ms   1008.8 GB/s
  AoSoA-256        9.6127 ms    893.6 GB/s
  AoSoA-512        8.9410 ms    960.7 GB/s

── P=21 complex pairs  (21 im streams IP)  N_base=25565184  total=8.6 GB ──
  AoS             16.4347 ms    522.7 GB/s
  SoA              7.2923 ms   1177.9 GB/s
  AoSoA-2         16.6302 ms    516.5 GB/s
  AoSoA-4         17.2878 ms    496.9 GB/s
  AoSoA-8          7.4065 ms   1159.8 GB/s
  AoSoA-16         7.1796 ms   1196.4 GB/s
  AoSoA-32         7.6753 ms   1119.2 GB/s
  AoSoA-64         7.9743 ms   1077.2 GB/s
  AoSoA-128        8.3734 ms   1025.9 GB/s
  AoSoA-256        9.6825 ms    887.2 GB/s
  AoSoA-512        9.4560 ms    908.4 GB/s

wrote results_cpu_inplace.csv
conjugate OOP (CPU): TOTAL_DOUBLES=1024M  runs=100  threads=288
BW = 4·P·N_base·8  (read 2P + write 2P fields)
  thread spread: N0=72 N1=72 N2=72 N3=72

── P=3 complex pairs  (12 SoA streams)  N_base=178956800  total=8.6 GB/side ──
  AoS             11.3382 ms   1515.2 GB/s
  SoA             39.2062 ms    438.2 GB/s
  AoSoA-2         11.1239 ms   1544.4 GB/s
  AoSoA-4         11.0678 ms   1552.2 GB/s
  AoSoA-8         11.1036 ms   1547.2 GB/s
  AoSoA-16        11.2037 ms   1533.4 GB/s
  AoSoA-32        11.3339 ms   1515.8 GB/s
  AoSoA-64        11.1167 ms   1545.4 GB/s
  AoSoA-128       11.0781 ms   1550.8 GB/s
  AoSoA-256       11.0952 ms   1548.4 GB/s
  AoSoA-512       11.3386 ms   1515.2 GB/s

── P=6 complex pairs  (24 SoA streams)  N_base=89478144  total=8.6 GB/side ──
  AoS             11.1127 ms   1546.0 GB/s
  SoA             31.4040 ms    547.1 GB/s
  AoSoA-2         11.1118 ms   1546.1 GB/s
  AoSoA-4         11.1540 ms   1540.2 GB/s
  AoSoA-8         11.0789 ms   1550.7 GB/s
  AoSoA-16        11.2302 ms   1529.8 GB/s
  AoSoA-32        11.1428 ms   1541.8 GB/s
  AoSoA-64        11.2553 ms   1526.4 GB/s
  AoSoA-128       11.1787 ms   1536.8 GB/s
  AoSoA-256       11.0326 ms   1557.2 GB/s
  AoSoA-512       11.0643 ms   1552.7 GB/s

── P=9 complex pairs  (36 SoA streams)  N_base=59652096  total=8.6 GB/side ──
  AoS             11.0482 ms   1555.0 GB/s
  SoA             20.1556 ms    852.4 GB/s
  AoSoA-2         11.3533 ms   1513.2 GB/s
  AoSoA-4         11.0363 ms   1556.7 GB/s
  AoSoA-8         11.2310 ms   1529.7 GB/s
  AoSoA-16        11.0794 ms   1550.6 GB/s
  AoSoA-32        10.9753 ms   1565.3 GB/s
  AoSoA-64        11.1146 ms   1545.7 GB/s
  AoSoA-128       13.3956 ms   1282.5 GB/s
  AoSoA-256       11.0196 ms   1559.0 GB/s
  AoSoA-512       10.9733 ms   1565.6 GB/s

── P=12 complex pairs  (48 SoA streams)  N_base=44739072  total=8.6 GB/side ──
  AoS             10.9839 ms   1564.1 GB/s
  SoA             19.0497 ms    901.8 GB/s
  AoSoA-2         10.9700 ms   1566.1 GB/s
  AoSoA-4         11.0066 ms   1560.9 GB/s
  AoSoA-8         11.1064 ms   1546.8 GB/s
  AoSoA-16        11.0218 ms   1558.7 GB/s
  AoSoA-32        11.0608 ms   1553.2 GB/s
  AoSoA-64        11.3826 ms   1509.3 GB/s
  AoSoA-128       11.1134 ms   1545.9 GB/s
  AoSoA-256       11.0848 ms   1549.9 GB/s
  AoSoA-512       11.0214 ms   1558.8 GB/s

── P=15 complex pairs  (60 SoA streams)  N_base=35791360  total=8.6 GB/side ──
  AoS             11.1466 ms   1541.3 GB/s
  SoA             20.7595 ms    827.6 GB/s
  AoSoA-2         11.2534 ms   1526.6 GB/s
  AoSoA-4         11.2070 ms   1533.0 GB/s
  AoSoA-8         11.1142 ms   1545.8 GB/s
  AoSoA-16        11.1403 ms   1542.1 GB/s
  AoSoA-32        11.0955 ms   1548.4 GB/s
  AoSoA-64        11.1176 ms   1545.3 GB/s
  AoSoA-128       11.1291 ms   1543.7 GB/s
  AoSoA-256       10.9880 ms   1563.5 GB/s
  AoSoA-512       11.0118 ms   1560.1 GB/s

── P=18 complex pairs  (72 SoA streams)  N_base=29826048  total=8.6 GB/side ──
  AoS             11.0694 ms   1552.0 GB/s
  SoA             20.3172 ms    845.6 GB/s
  AoSoA-2         11.0159 ms   1559.5 GB/s
  AoSoA-4         11.3532 ms   1513.2 GB/s
  AoSoA-8         10.9984 ms   1562.0 GB/s
  AoSoA-16        11.0248 ms   1558.3 GB/s
  AoSoA-32        11.2892 ms   1521.8 GB/s
  AoSoA-64        11.0293 ms   1557.6 GB/s
  AoSoA-128       11.0201 ms   1559.0 GB/s
  AoSoA-256       10.9824 ms   1564.3 GB/s
  AoSoA-512       11.2553 ms   1526.4 GB/s

── P=21 complex pairs  (84 SoA streams)  N_base=25565184  total=8.6 GB/side ──
  AoS             13.3359 ms   1288.2 GB/s
  SoA             21.6411 ms    793.9 GB/s
  AoSoA-2         11.0948 ms   1548.4 GB/s
  AoSoA-4         11.1463 ms   1541.3 GB/s
  AoSoA-8         10.9901 ms   1563.2 GB/s
  AoSoA-16        11.1402 ms   1542.2 GB/s
  AoSoA-32        11.1100 ms   1546.3 GB/s
  AoSoA-64        11.0972 ms   1548.1 GB/s
  AoSoA-128       11.1601 ms   1539.4 GB/s
  AoSoA-256       11.4067 ms   1506.1 GB/s
  AoSoA-512       11.0875 ms   1549.5 GB/s

wrote results_cpu_oop.csv
conjugate IN-PLACE (GPU): TOTAL_DOUBLES=512M  runs=100

── P=3 complex pairs  (3 im streams)  N_base=89478464  total=4.3 GB ──
  AoS             (see csv)
  SoA             (see csv)
  AoSoA-2         (see csv)
  AoSoA-4         (see csv)
  AoSoA-8         (see csv)
  AoSoA-16        (see csv)
  AoSoA-32        (see csv)
  AoSoA-64        (see csv)

── P=6 complex pairs  (6 im streams)  N_base=44739200  total=4.3 GB ──
  AoS             (see csv)
  SoA             (see csv)
  AoSoA-2         (see csv)
  AoSoA-4         (see csv)
  AoSoA-8         (see csv)
  AoSoA-16        (see csv)
  AoSoA-32        (see csv)
  AoSoA-64        (see csv)

── P=9 complex pairs  (9 im streams)  N_base=29826112  total=4.3 GB ──
  AoS             (see csv)
  SoA             (see csv)
  AoSoA-2         (see csv)
  AoSoA-4         (see csv)
  AoSoA-8         (see csv)
  AoSoA-16        (see csv)
  AoSoA-32        (see csv)
  AoSoA-64        (see csv)

── P=12 complex pairs  (12 im streams)  N_base=22369600  total=4.3 GB ──
  AoS             (see csv)
  SoA             (see csv)
  AoSoA-2         (see csv)
  AoSoA-4         (see csv)
  AoSoA-8         (see csv)
  AoSoA-16        (see csv)
  AoSoA-32        (see csv)
  AoSoA-64        (see csv)

── P=15 complex pairs  (15 im streams)  N_base=17895680  total=4.3 GB ──
  AoS             (see csv)
  SoA             (see csv)
  AoSoA-2         (see csv)
  AoSoA-4         (see csv)
  AoSoA-8         (see csv)
  AoSoA-16        (see csv)
  AoSoA-32        (see csv)
  AoSoA-64        (see csv)

── P=18 complex pairs  (18 im streams)  N_base=14913024  total=4.3 GB ──
  AoS             (see csv)
  SoA             (see csv)
  AoSoA-2         (see csv)
  AoSoA-4         (see csv)
  AoSoA-8         (see csv)
  AoSoA-16        (see csv)
  AoSoA-32        (see csv)
  AoSoA-64        (see csv)

── P=21 complex pairs  (21 im streams)  N_base=12782592  total=4.3 GB ──
  AoS             (see csv)
  SoA             (see csv)
  AoSoA-2         (see csv)
  AoSoA-4         (see csv)
  AoSoA-8         (see csv)
  AoSoA-16        (see csv)
  AoSoA-32        (see csv)
  AoSoA-64        (see csv)

wrote results_gpu_inplace.csv
conjugate OOP (GPU): TOTAL_DOUBLES=512M  runs=100

── P=3 complex pairs  (12 SoA streams)  N_base=89478464  total=4.3 GB/side ──
  AoS             (see csv)
  SoA             (see csv)
  AoSoA-2         (see csv)
  AoSoA-4         (see csv)
  AoSoA-8         (see csv)
  AoSoA-16        (see csv)
  AoSoA-32        (see csv)
  AoSoA-64        (see csv)

── P=6 complex pairs  (24 SoA streams)  N_base=44739200  total=4.3 GB/side ──
  AoS             (see csv)
  SoA             (see csv)
  AoSoA-2         (see csv)
  AoSoA-4         (see csv)
  AoSoA-8         (see csv)
  AoSoA-16        (see csv)
  AoSoA-32        (see csv)
  AoSoA-64        (see csv)

── P=9 complex pairs  (36 SoA streams)  N_base=29826112  total=4.3 GB/side ──
  AoS             (see csv)
  SoA             (see csv)
  AoSoA-2         (see csv)
  AoSoA-4         (see csv)
  AoSoA-8         (see csv)
  AoSoA-16        (see csv)
  AoSoA-32        (see csv)
  AoSoA-64        (see csv)

── P=12 complex pairs  (48 SoA streams)  N_base=22369600  total=4.3 GB/side ──
  AoS             (see csv)
  SoA             (see csv)
  AoSoA-2         (see csv)
  AoSoA-4         (see csv)
  AoSoA-8         (see csv)
  AoSoA-16        (see csv)
  AoSoA-32        (see csv)
  AoSoA-64        (see csv)

── P=15 complex pairs  (60 SoA streams)  N_base=17895680  total=4.3 GB/side ──
  AoS             (see csv)
  SoA             (see csv)
  AoSoA-2         (see csv)
  AoSoA-4         (see csv)
  AoSoA-8         (see csv)
  AoSoA-16        (see csv)
  AoSoA-32        (see csv)
  AoSoA-64        (see csv)

── P=18 complex pairs  (72 SoA streams)  N_base=14913024  total=4.3 GB/side ──
  AoS             (see csv)
  SoA             (see csv)
  AoSoA-2         (see csv)
  AoSoA-4         (see csv)
  AoSoA-8         (see csv)
  AoSoA-16        (see csv)
  AoSoA-32        (see csv)
  AoSoA-64        (see csv)

── P=21 complex pairs  (84 SoA streams)  N_base=12782592  total=4.3 GB/side ──
  AoS             (see csv)
  SoA             (see csv)
  AoSoA-2         (see csv)
  AoSoA-4         (see csv)
  AoSoA-8         (see csv)
  AoSoA-16        (see csv)
  AoSoA-32        (see csv)
  AoSoA-64        (see csv)

wrote results_gpu_oop.csv
[E2 daint] done. CSVs under results/daint/
