
OPENMP DISPLAY ENVIRONMENT BEGIN
   _OPENMP='201611'
  [host] OMP_AFFINITY_FORMAT='OMP: pid %P tid %i thread %n bound to OS proc set {%A}'
  [host] OMP_ALLOCATOR='omp_default_mem_alloc'
  [host] OMP_CANCELLATION='FALSE'
  [host] OMP_DEFAULT_DEVICE='0'
  [host] OMP_DISPLAY_AFFINITY='FALSE'
  [host] OMP_DISPLAY_ENV='TRUE'
  [host] OMP_DYNAMIC='FALSE'
  [host] OMP_MAX_ACTIVE_LEVELS='1'
  [host] OMP_MAX_TASK_PRIORITY='0'
  [host] OMP_NESTED: deprecated; max-active-levels-var=1
  [host] OMP_NUM_TEAMS='0'
  [host] OMP_NUM_THREADS='288'
  [host] OMP_PLACES='{0}:72:1,{72}:72:1,{144}:72:1,{216}:72:1'
  [host] OMP_PROC_BIND='close'
  [host] OMP_SCHEDULE='static'
  [host] OMP_STACKSIZE='16M'
  [host] OMP_TARGET_OFFLOAD=DEFAULT
  [host] OMP_TEAMS_THREAD_LIMIT='0'
  [host] OMP_THREAD_LIMIT='2147483647'
  [host] OMP_TOOL='enabled'
  [host] OMP_TOOL_LIBRARIES: value is not defined
  [host] OMP_TOOL_VERBOSE_INIT: value is not defined
  [host] OMP_WAIT_POLICY='PASSIVE'
OPENMP DISPLAY ENVIRONMENT END


[verify][OK]   AoS-inplace<P=3>
[verify][OK]   SoA-inplace<P=3>
[verify][OK]   AoSoA-2-inplace<P=3>
[verify][OK]   AoSoA-4-inplace<P=3>
[verify][OK]   AoSoA-8-inplace<P=3>
[verify][OK]   AoSoA-16-inplace<P=3>
[verify][OK]   AoSoA-32-inplace<P=3>
[verify][OK]   AoSoA-64-inplace<P=3>
[verify][OK]   AoSoA-128-inplace<P=3>
[verify][OK]   AoSoA-256-inplace<P=3>
[verify][OK]   AoSoA-512-inplace<P=3>
[verify][OK]   AoS-inplace<P=6>
[verify][OK]   SoA-inplace<P=6>
[verify][OK]   AoSoA-2-inplace<P=6>
[verify][OK]   AoSoA-4-inplace<P=6>
[verify][OK]   AoSoA-8-inplace<P=6>
[verify][OK]   AoSoA-16-inplace<P=6>
[verify][OK]   AoSoA-32-inplace<P=6>
[verify][OK]   AoSoA-64-inplace<P=6>
[verify][OK]   AoSoA-128-inplace<P=6>
[verify][OK]   AoSoA-256-inplace<P=6>
[verify][OK]   AoSoA-512-inplace<P=6>
[verify][OK]   AoS-inplace<P=9>
[verify][OK]   SoA-inplace<P=9>
[verify][OK]   AoSoA-2-inplace<P=9>
[verify][OK]   AoSoA-4-inplace<P=9>
[verify][OK]   AoSoA-8-inplace<P=9>
[verify][OK]   AoSoA-16-inplace<P=9>
[verify][OK]   AoSoA-32-inplace<P=9>
[verify][OK]   AoSoA-64-inplace<P=9>
[verify][OK]   AoSoA-128-inplace<P=9>
[verify][OK]   AoSoA-256-inplace<P=9>
[verify][OK]   AoSoA-512-inplace<P=9>
[verify][OK]   AoS-inplace<P=12>
[verify][OK]   SoA-inplace<P=12>
[verify][OK]   AoSoA-2-inplace<P=12>
[verify][OK]   AoSoA-4-inplace<P=12>
[verify][OK]   AoSoA-8-inplace<P=12>
[verify][OK]   AoSoA-16-inplace<P=12>
[verify][OK]   AoSoA-32-inplace<P=12>
[verify][OK]   AoSoA-64-inplace<P=12>
[verify][OK]   AoSoA-128-inplace<P=12>
[verify][OK]   AoSoA-256-inplace<P=12>
[verify][OK]   AoSoA-512-inplace<P=12>
[verify][OK]   AoS-inplace<P=15>
[verify][OK]   SoA-inplace<P=15>
[verify][OK]   AoSoA-2-inplace<P=15>
[verify][OK]   AoSoA-4-inplace<P=15>
[verify][OK]   AoSoA-8-inplace<P=15>
[verify][OK]   AoSoA-16-inplace<P=15>
[verify][OK]   AoSoA-32-inplace<P=15>
[verify][OK]   AoSoA-64-inplace<P=15>
[verify][OK]   AoSoA-128-inplace<P=15>
[verify][OK]   AoSoA-256-inplace<P=15>
[verify][OK]   AoSoA-512-inplace<P=15>
[verify][OK]   AoS-inplace<P=18>
[verify][OK]   SoA-inplace<P=18>
[verify][OK]   AoSoA-2-inplace<P=18>
[verify][OK]   AoSoA-4-inplace<P=18>
[verify][OK]   AoSoA-8-inplace<P=18>
[verify][OK]   AoSoA-16-inplace<P=18>
[verify][OK]   AoSoA-32-inplace<P=18>
[verify][OK]   AoSoA-64-inplace<P=18>
[verify][OK]   AoSoA-128-inplace<P=18>
[verify][OK]   AoSoA-256-inplace<P=18>
[verify][OK]   AoSoA-512-inplace<P=18>
[verify][OK]   AoS-inplace<P=21>
[verify][OK]   SoA-inplace<P=21>
[verify][OK]   AoSoA-2-inplace<P=21>
[verify][OK]   AoSoA-4-inplace<P=21>
[verify][OK]   AoSoA-8-inplace<P=21>
[verify][OK]   AoSoA-16-inplace<P=21>
[verify][OK]   AoSoA-32-inplace<P=21>
[verify][OK]   AoSoA-64-inplace<P=21>
[verify][OK]   AoSoA-128-inplace<P=21>
[verify][OK]   AoSoA-256-inplace<P=21>
[verify][OK]   AoSoA-512-inplace<P=21>

OPENMP DISPLAY ENVIRONMENT BEGIN
   _OPENMP='201611'
  [host] OMP_AFFINITY_FORMAT='OMP: pid %P tid %i thread %n bound to OS proc set {%A}'
  [host] OMP_ALLOCATOR='omp_default_mem_alloc'
  [host] OMP_CANCELLATION='FALSE'
  [host] OMP_DEFAULT_DEVICE='0'
  [host] OMP_DISPLAY_AFFINITY='FALSE'
  [host] OMP_DISPLAY_ENV='TRUE'
  [host] OMP_DYNAMIC='FALSE'
  [host] OMP_MAX_ACTIVE_LEVELS='1'
  [host] OMP_MAX_TASK_PRIORITY='0'
  [host] OMP_NESTED: deprecated; max-active-levels-var=1
  [host] OMP_NUM_TEAMS='0'
  [host] OMP_NUM_THREADS='288'
  [host] OMP_PLACES='{0}:72:1,{72}:72:1,{144}:72:1,{216}:72:1'
  [host] OMP_PROC_BIND='close'
  [host] OMP_SCHEDULE='static'
  [host] OMP_STACKSIZE='16M'
  [host] OMP_TARGET_OFFLOAD=DEFAULT
  [host] OMP_TEAMS_THREAD_LIMIT='0'
  [host] OMP_THREAD_LIMIT='2147483647'
  [host] OMP_TOOL='enabled'
  [host] OMP_TOOL_LIBRARIES: value is not defined
  [host] OMP_TOOL_VERBOSE_INIT: value is not defined
  [host] OMP_WAIT_POLICY='PASSIVE'
OPENMP DISPLAY ENVIRONMENT END


[verify][OK]   AoS<P=3>
[verify][OK]   SoA<P=3>
[verify][OK]   AoSoA-2<P=3>
[verify][OK]   AoSoA-4<P=3>
[verify][OK]   AoSoA-8<P=3>
[verify][OK]   AoSoA-16<P=3>
[verify][OK]   AoSoA-32<P=3>
[verify][OK]   AoSoA-64<P=3>
[verify][OK]   AoSoA-128<P=3>
[verify][OK]   AoSoA-256<P=3>
[verify][OK]   AoSoA-512<P=3>
[verify][OK]   AoS<P=6>
[verify][OK]   SoA<P=6>
[verify][OK]   AoSoA-2<P=6>
[verify][OK]   AoSoA-4<P=6>
[verify][OK]   AoSoA-8<P=6>
[verify][OK]   AoSoA-16<P=6>
[verify][OK]   AoSoA-32<P=6>
[verify][OK]   AoSoA-64<P=6>
[verify][OK]   AoSoA-128<P=6>
[verify][OK]   AoSoA-256<P=6>
[verify][OK]   AoSoA-512<P=6>
[verify][OK]   AoS<P=9>
[verify][OK]   SoA<P=9>
[verify][OK]   AoSoA-2<P=9>
[verify][OK]   AoSoA-4<P=9>
[verify][OK]   AoSoA-8<P=9>
[verify][OK]   AoSoA-16<P=9>
[verify][OK]   AoSoA-32<P=9>
[verify][OK]   AoSoA-64<P=9>
[verify][OK]   AoSoA-128<P=9>
[verify][OK]   AoSoA-256<P=9>
[verify][OK]   AoSoA-512<P=9>
[verify][OK]   AoS<P=12>
[verify][OK]   SoA<P=12>
[verify][OK]   AoSoA-2<P=12>
[verify][OK]   AoSoA-4<P=12>
[verify][OK]   AoSoA-8<P=12>
[verify][OK]   AoSoA-16<P=12>
[verify][OK]   AoSoA-32<P=12>
[verify][OK]   AoSoA-64<P=12>
[verify][OK]   AoSoA-128<P=12>
[verify][OK]   AoSoA-256<P=12>
[verify][OK]   AoSoA-512<P=12>
[verify][OK]   AoS<P=15>
[verify][OK]   SoA<P=15>
[verify][OK]   AoSoA-2<P=15>
[verify][OK]   AoSoA-4<P=15>
[verify][OK]   AoSoA-8<P=15>
[verify][OK]   AoSoA-16<P=15>
[verify][OK]   AoSoA-32<P=15>
[verify][OK]   AoSoA-64<P=15>
[verify][OK]   AoSoA-128<P=15>
[verify][OK]   AoSoA-256<P=15>
[verify][OK]   AoSoA-512<P=15>
[verify][OK]   AoS<P=18>
[verify][OK]   SoA<P=18>
[verify][OK]   AoSoA-2<P=18>
[verify][OK]   AoSoA-4<P=18>
[verify][OK]   AoSoA-8<P=18>
[verify][OK]   AoSoA-16<P=18>
[verify][OK]   AoSoA-32<P=18>
[verify][OK]   AoSoA-64<P=18>
[verify][OK]   AoSoA-128<P=18>
[verify][OK]   AoSoA-256<P=18>
[verify][OK]   AoSoA-512<P=18>
[verify][OK]   AoS<P=21>
[verify][OK]   SoA<P=21>
[verify][OK]   AoSoA-2<P=21>
[verify][OK]   AoSoA-4<P=21>
[verify][OK]   AoSoA-8<P=21>
[verify][OK]   AoSoA-16<P=21>
[verify][OK]   AoSoA-32<P=21>
[verify][OK]   AoSoA-64<P=21>
[verify][OK]   AoSoA-128<P=21>
[verify][OK]   AoSoA-256<P=21>
[verify][OK]   AoSoA-512<P=21>
