[E1 beverin] host=nid002700 threads=96
Layout-conflict benchmark (CPU)
  M=16384  N=16384  reps=100  warmup=5
  threads=96  page=4096 B  NUMA=yes  nodes=4
  A: row-major   B: col-major   C: row-major
  cache line = 64 B  ->  8 doubles/line

Initializing row-major arrays (NUMA bind+touch) ...

=== Naive schedules ===
  row_major                    T=0     median    52.5 GB/s  [   51.9 ..    52.9]  PASS
  col_major                    T=0     median    38.7 GB/s  [   34.6 ..    41.2]  PASS
  all_rowmajor                 T=0     median   767.7 GB/s  [  735.5 ..   783.3]  PASS

=== Tiled schedules (stack-local B transpose) ===
  tiled                        T=8     median   372.7 GB/s  [  265.2 ..   378.5]  PASS
  tiled                        T=16    median   354.6 GB/s  [  316.2 ..   358.8]  PASS
  tiled                        T=32    median   409.2 GB/s  [  277.4 ..   413.1]  PASS
  tiled                        T=64    median   335.1 GB/s  [  241.4 ..   337.4]  PASS
  tiled                        T=128   median   335.1 GB/s  [  231.9 ..   335.8]  PASS

=== Blocked storage (SB×SB contiguous blocks) ===

  --- Blocked SB=8 ---
  blk_all_rm                   T=8     median   776.3 GB/s  [  751.9 ..   789.4]  PASS
  blk_conflict                 T=8     median   817.4 GB/s  [  713.1 ..   823.0]  PASS

  --- Blocked SB=16 ---
  blk_all_rm                   T=16    median   782.6 GB/s  [  762.7 ..   789.6]  PASS
  blk_conflict                 T=16    median   817.0 GB/s  [  389.0 ..   827.0]  PASS

  --- Blocked SB=32 ---
  blk_all_rm                   T=32    median   776.9 GB/s  [  757.8 ..   786.1]  PASS
  blk_conflict                 T=32    median   277.1 GB/s  [  265.5 ..   283.9]  PASS

  --- Blocked SB=64 ---
  blk_all_rm                   T=64    median   790.3 GB/s  [  758.4 ..   798.5]  PASS
  blk_conflict                 T=64    median   732.4 GB/s  [  664.4 ..   735.7]  PASS

  --- Blocked SB=128 ---
  blk_all_rm                   T=128   median   779.7 GB/s  [  754.2 ..   790.1]  PASS
  blk_conflict                 T=128   median   709.1 GB/s  [  659.1 ..   712.8]  PASS

Wrote 1800 records to results/beverin/madd_beverin_cpu.csv

=== Summary ===
  Row-major schedules:
    best tiled:     409.2 GB/s
    row_major:       52.5 GB/s  (7.8x vs tiled)
    col_major:       38.7 GB/s  (10.6x vs tiled)
    all_rowmajor:   767.7 GB/s  (peak control)
  Blocked storage:
    blk_all_rm:     790.3 GB/s  SB=64  (102.9% of all_rowmajor)
    blk_conflict:   817.4 GB/s  SB=8  (103.4% of blk_all_rm)
  Conflict cost absorbed by blocking:
    row_major conflict:  14.6x slowdown vs all_rowmajor
    blocked conflict:    1.0x slowdown vs blk_all_rm

=== Model (B_eff=8) ===
  row_major predicted:  3.3x  (cost 10 vs 3)
  col_major predicted:  5.7x  (cost 17 vs 3)
Layout-conflict benchmark (GPU: AMD Instinct MI300A)
  M=16384  N=16384  reps=100
  A: row-major   B: col-major   C: row-major
  Warp=32  L2-line=128B → 16 doubles/txn

Kernel                                                                Median          BW
------------------------------------------------------------------------------------------------
  direct        BX=32  BY=1   TX=1  TY=1   tile=1x32                 9.110 ms     942.9 GB/s  OK
  direct        BX=32  BY=1   TX=4  TY=1   tile=1x128                7.718 ms    1112.9 GB/s  OK
  direct        BX=128 BY=1   TX=1  TY=1   tile=1x128                8.253 ms    1040.8 GB/s  OK
  direct        BX=256 BY=1   TX=1  TY=1   tile=1x256                8.536 ms    1006.3 GB/s  OK
  direct        BX=16  BY=16  TX=1  TY=1   tile=16x16                3.297 ms    2605.4 GB/s  OK
  direct        BX=32  BY=8   TX=1  TY=1   tile=8x32                 3.535 ms    2430.2 GB/s  OK
  direct        BX=32  BY=8   TX=2  TY=2   tile=16x64                3.574 ms    2403.3 GB/s  OK
  direct        BX=32  BY=4   TX=4  TY=4   tile=16x128               4.648 ms    1848.3 GB/s  OK
  direct        BX=32  BY=8   TX=4  TY=4   tile=32x128               3.971 ms    2163.2 GB/s  OK
  direct        BX=32  BY=2   TX=1  TY=1   tile=2x32                 5.486 ms    1565.9 GB/s  OK
  direct        BX=32  BY=4   TX=1  TY=1   tile=4x32                 4.622 ms    1858.7 GB/s  OK
  direct        BX=32  BY=16  TX=1  TY=1   tile=16x32                3.268 ms    2628.7 GB/s  OK
  direct        BX=32  BY=32  TX=1  TY=1   tile=32x32                3.238 ms    2653.2 GB/s  OK
  direct        BX=32  BY=8   TX=1  TY=2   tile=16x32                3.484 ms    2465.2 GB/s  OK
  direct        BX=32  BY=8   TX=1  TY=4   tile=32x32                3.464 ms    2480.0 GB/s  OK
  direct        BX=32  BY=8   TX=4  TY=1   tile=8x128                3.558 ms    2414.3 GB/s  OK
  direct        BX=64  BY=1   TX=1  TY=1   tile=1x64                 8.621 ms     996.4 GB/s  OK
  direct        BX=64  BY=1   TX=2  TY=1   tile=1x128                7.838 ms    1095.9 GB/s  OK
  direct        BX=64  BY=1   TX=4  TY=1   tile=1x256                7.289 ms    1178.4 GB/s  OK
  direct        BX=64  BY=2   TX=1  TY=1   tile=2x64                 8.260 ms    1039.9 GB/s  OK
  direct        BX=64  BY=4   TX=1  TY=1   tile=4x64                 5.667 ms    1515.9 GB/s  OK
  direct        BX=64  BY=4   TX=2  TY=2   tile=8x128                6.731 ms    1276.2 GB/s  OK
  direct        BX=64  BY=8   TX=1  TY=1   tile=8x64                 5.015 ms    1712.8 GB/s  OK
  direct        BX=64  BY=8   TX=2  TY=1   tile=8x128                6.166 ms    1393.0 GB/s  OK
  direct        BX=64  BY=8   TX=2  TY=2   tile=16x128               6.321 ms    1358.9 GB/s  OK
  direct        BX=64  BY=16  TX=1  TY=1   tile=16x64                5.400 ms    1590.8 GB/s  OK
  direct        BX=64  BY=4   TX=4  TY=4   tile=16x256               6.492 ms    1323.1 GB/s  OK
  direct        BX=128 BY=2   TX=1  TY=1   tile=2x128                7.249 ms    1185.0 GB/s  OK
  direct        BX=128 BY=4   TX=1  TY=1   tile=4x128                7.349 ms    1168.8 GB/s  OK
  direct        BX=128 BY=4   TX=2  TY=2   tile=8x256                7.652 ms    1122.6 GB/s  OK
  direct        BX=128 BY=8   TX=1  TY=1   tile=8x128                7.336 ms    1171.0 GB/s  OK
  direct        BX=128 BY=8   TX=2  TY=2   tile=16x256               6.681 ms    1285.8 GB/s  OK
  direct        BX=256 BY=2   TX=1  TY=1   tile=2x256                8.708 ms     986.5 GB/s  OK
  direct        BX=256 BY=4   TX=1  TY=1   tile=4x256                8.909 ms     964.1 GB/s  OK
  direct        BX=512 BY=1   TX=1  TY=1   tile=1x512                8.189 ms    1049.0 GB/s  OK
  direct        BX=512 BY=2   TX=1  TY=1   tile=2x512                8.634 ms     994.9 GB/s  OK
  direct        BX=1024 BY=1   TX=1  TY=1   tile=1x1024              8.035 ms    1069.1 GB/s  OK
  direct_T      BX=32  BY=1   TX=1  TY=1   tile=32x1                20.889 ms     411.2 GB/s  OK
  direct_T      BX=128 BY=1   TX=1  TY=1   tile=128x1               20.486 ms     419.3 GB/s  OK
  direct_T      BX=16  BY=16  TX=1  TY=1   tile=16x16                4.272 ms    2011.0 GB/s  OK
  direct_T      BX=32  BY=8   TX=1  TY=1   tile=32x8                 6.601 ms    1301.3 GB/s  OK
  direct_T      BX=32  BY=8   TX=2  TY=2   tile=64x16                6.913 ms    1242.6 GB/s  OK
  direct_T      BX=32  BY=4   TX=1  TY=1   tile=32x4                 9.485 ms     905.6 GB/s  OK
  direct_T      BX=32  BY=16  TX=1  TY=1   tile=32x16                6.028 ms    1425.0 GB/s  OK
  direct_T      BX=32  BY=32  TX=1  TY=1   tile=32x32                5.575 ms    1540.8 GB/s  OK
  direct_T      BX=16  BY=16  TX=2  TY=2   tile=32x32                3.850 ms    2231.2 GB/s  OK
  direct_T      BX=16  BY=16  TX=4  TY=1   tile=64x16                4.077 ms    2107.1 GB/s  OK
  direct_T      BX=16  BY=16  TX=1  TY=4   tile=16x64                3.756 ms    2286.8 GB/s  OK
  direct_T      BX=64  BY=1   TX=1  TY=1   tile=64x1                20.614 ms     416.7 GB/s  OK
  direct_T      BX=64  BY=4   TX=1  TY=1   tile=64x4                10.764 ms     798.0 GB/s  OK
  direct_T      BX=64  BY=4   TX=2  TY=2   tile=128x8               12.366 ms     694.6 GB/s  OK
  direct_T      BX=64  BY=8   TX=1  TY=1   tile=64x8                10.518 ms     816.7 GB/s  OK
  direct_T      BX=64  BY=8   TX=2  TY=2   tile=128x16              11.309 ms     759.6 GB/s  OK
  direct_T      BX=64  BY=16  TX=1  TY=1   tile=64x16               11.920 ms     720.6 GB/s  OK
  direct_T      BX=128 BY=4   TX=1  TY=1   tile=128x4               16.208 ms     530.0 GB/s  OK
  direct_T      BX=128 BY=8   TX=1  TY=1   tile=128x8               17.578 ms     488.7 GB/s  OK
  direct_T      BX=32  BY=8   TX=4  TY=1   tile=128x8                7.440 ms    1154.6 GB/s  OK
  direct_T      BX=32  BY=8   TX=1  TY=4   tile=32x32                7.183 ms    1195.9 GB/s  OK
  tiled+smem    BX=16  BY=16  TX=1  TY=1   tile=16x16                3.053 ms    2813.3 GB/s  OK
  tiled+smem    BX=16  BY=16  TX=2  TY=2   tile=32x32                4.532 ms    1895.6 GB/s  OK
  tiled+smem    BX=32  BY=1   TX=1  TY=32  tile=32x32               22.937 ms     374.5 GB/s  OK
  tiled+smem    BX=32  BY=8   TX=1  TY=1   tile=8x32                 3.276 ms    2622.3 GB/s  OK
  tiled+smem    BX=32  BY=8   TX=2  TY=2   tile=16x64                4.594 ms    1869.8 GB/s  OK
  tiled+smem    BX=32  BY=8   TX=2  TY=4   tile=32x64                6.866 ms    1251.1 GB/s  OK
  tiled+smem    BX=32  BY=4   TX=2  TY=8   tile=32x64               12.254 ms     701.0 GB/s  OK
  tiled+smem    BX=32  BY=8   TX=4  TY=4   tile=32x128            SKIP (smem 99072 > 65536 hw limit)
  tiled+smem    BX=16  BY=16  TX=4  TY=4   tile=64x64             SKIP (smem 99840 > 65536 hw limit)
  tiled+smem    BX=32  BY=8   TX=4  TY=8   tile=64x128            SKIP (smem 198144 > 65536 hw limit)
  tiled+smem    BX=32  BY=8   TX=8  TY=8   tile=64x256            SKIP (smem 394752 > 65536 hw limit)
  tiled+smem    BX=32  BY=4   TX=8  TY=16  tile=64x256            SKIP (smem 394752 > 65536 hw limit)
  tiled+smem    BX=32  BY=2   TX=1  TY=1   tile=2x32                 5.479 ms    1567.8 GB/s  OK
  tiled+smem    BX=32  BY=4   TX=1  TY=1   tile=4x32                 4.017 ms    2138.5 GB/s  OK
  tiled+smem    BX=32  BY=4   TX=2  TY=2   tile=8x64                 4.143 ms    2073.2 GB/s  OK
  tiled+smem    BX=32  BY=16  TX=1  TY=1   tile=16x32                3.112 ms    2760.1 GB/s  OK
  tiled+smem    BX=32  BY=32  TX=1  TY=1   tile=32x32                3.236 ms    2654.5 GB/s  OK
  tiled+smem    BX=16  BY=16  TX=2  TY=1   tile=16x32                3.377 ms    2543.9 GB/s  OK
  tiled+smem    BX=16  BY=16  TX=1  TY=2   tile=32x16                3.523 ms    2438.6 GB/s  OK
  tiled+smem    BX=32  BY=8   TX=1  TY=2   tile=16x32                3.371 ms    2548.2 GB/s  OK
  tiled+smem    BX=32  BY=8   TX=1  TY=4   tile=32x32                4.487 ms    1914.6 GB/s  OK
  tiled+smem    BX=32  BY=8   TX=4  TY=1   tile=8x128                4.741 ms    1811.7 GB/s  OK
  tiled+smem    BX=64  BY=2   TX=1  TY=1   tile=2x64                 5.510 ms    1559.1 GB/s  OK
  tiled+smem    BX=64  BY=4   TX=1  TY=1   tile=4x64                 4.045 ms    2123.3 GB/s  OK
  tiled+smem    BX=64  BY=4   TX=1  TY=2   tile=8x64                 3.521 ms    2439.7 GB/s  OK
  tiled+smem    BX=64  BY=4   TX=2  TY=1   tile=4x128                4.081 ms    2105.0 GB/s  OK
  tiled+smem    BX=64  BY=4   TX=2  TY=2   tile=8x128                4.781 ms    1796.5 GB/s  OK
  tiled+smem    BX=64  BY=4   TX=2  TY=4   tile=16x128               7.048 ms    1218.7 GB/s  OK
  tiled+smem    BX=64  BY=8   TX=1  TY=1   tile=8x64                 3.386 ms    2536.5 GB/s  OK
  tiled+smem    BX=64  BY=8   TX=1  TY=2   tile=16x64                3.565 ms    2409.8 GB/s  OK
  tiled+smem    BX=64  BY=8   TX=2  TY=1   tile=8x128                3.797 ms    2262.5 GB/s  OK
  tiled+smem    BX=64  BY=8   TX=2  TY=2   tile=16x128               4.760 ms    1804.8 GB/s  OK
  tiled+smem    BX=64  BY=16  TX=1  TY=1   tile=16x64                3.299 ms    2603.6 GB/s  OK
  tiled+smem    BX=64  BY=16  TX=2  TY=1   tile=16x128               3.667 ms    2342.8 GB/s  OK
  tiled+smem    BX=128 BY=2   TX=1  TY=1   tile=2x128                5.478 ms    1568.0 GB/s  OK
  tiled+smem    BX=128 BY=2   TX=2  TY=2   tile=4x256                5.038 ms    1705.0 GB/s  OK
  tiled+smem    BX=128 BY=4   TX=1  TY=1   tile=4x128                4.100 ms    2095.0 GB/s  OK
  tiled+smem    BX=128 BY=4   TX=1  TY=2   tile=8x128                3.773 ms    2276.7 GB/s  OK
  tiled+smem    BX=128 BY=4   TX=2  TY=2   tile=8x256                4.758 ms    1805.5 GB/s  OK
  tiled+smem    BX=128 BY=8   TX=1  TY=1   tile=8x128                3.554 ms    2416.8 GB/s  OK
  tiled+smem    BX=256 BY=2   TX=1  TY=1   tile=2x256                5.449 ms    1576.5 GB/s  OK
  tiled+smem    BX=256 BY=4   TX=1  TY=1   tile=4x256                4.194 ms    2048.0 GB/s  OK
  all_rowmajor  BX=32  BY=8   TX=1  TY=1   (control)                 2.604 ms    3298.7 GB/s  OK
  all_rowmajor  BX=32  BY=8   TX=4  TY=4   (control)                 2.676 ms    3209.6 GB/s  OK
  all_rowmajor  BX=16  BY=16  TX=1  TY=1   (control)                 3.108 ms    2763.9 GB/s  OK
  all_rowmajor  BX=32  BY=32  TX=1  TY=1   (control)                 2.774 ms    3096.8 GB/s  OK
  all_rowmajor  BX=32  BY=8   TX=2  TY=2   (control)                 2.546 ms    3374.2 GB/s  OK
  all_rowmajor  BX=32  BY=4   TX=1  TY=1   (control)                 2.683 ms    3201.9 GB/s  OK
  all_rowmajor  BX=32  BY=4   TX=2  TY=2   (control)                 2.552 ms    3365.7 GB/s  OK
  all_rowmajor  BX=64  BY=1   TX=1  TY=1   (control)                 3.371 ms    2548.0 GB/s  OK
  all_rowmajor  BX=64  BY=4   TX=1  TY=1   (control)                 2.611 ms    3289.5 GB/s  OK
  all_rowmajor  BX=64  BY=4   TX=2  TY=2   (control)                 2.560 ms    3355.4 GB/s  OK
  all_rowmajor  BX=64  BY=8   TX=1  TY=1   (control)                 2.719 ms    3159.6 GB/s  OK
  all_rowmajor  BX=64  BY=8   TX=2  TY=2   (control)                 2.570 ms    3343.0 GB/s  OK
  all_rowmajor  BX=64  BY=16  TX=1  TY=1   (control)                 2.853 ms    3011.2 GB/s  OK
  all_rowmajor  BX=128 BY=4   TX=1  TY=1   (control)                 2.709 ms    3170.5 GB/s  OK
  all_rowmajor  BX=128 BY=4   TX=2  TY=2   (control)                 2.568 ms    3344.6 GB/s  OK
  all_rowmajor  BX=128 BY=8   TX=1  TY=1   (control)                 2.820 ms    3045.9 GB/s  OK
  all_rowmajor  BX=256 BY=2   TX=1  TY=1   (control)                 2.610 ms    3290.8 GB/s  OK
  all_rowmajor  BX=256 BY=4   TX=1  TY=1   (control)                 2.606 ms    3296.4 GB/s  OK

=== Summary (best of each category) ===
  Best tiled+smem : 3.053 ms  (baseline)
  Best direct     : 3.238 ms  (1.1x vs tiled)  — B uncoalesced
  Best direct_T   : 3.756 ms  (1.2x vs tiled)  — A,C uncoalesced
  Best control    : 2.546 ms  (0.83x vs tiled)  — all row-major

  Peak BW (best control): 3374.2 GB/s
  Tiled recovery:         2813.3 GB/s

Wrote 11300 records to results/beverin/madd_beverin_gpu.csv
[E1 beverin] done. CSVs under results/beverin/
