Running on nid005694
Threads: 288
Building GPU (nvcc)
Loading data...

=== GPU SWEEP: variant x tblock x coarsen x unroll ===
variant                            tblock   cf  median_ms ok
------------------------------------------------------------
gpu_baseline_aos                       32    1     0.7264 PASS
gpu_baseline_aos_u                     32    1     0.7268 PASS
gpu_eigts_t_aos                        32    1     0.7155 PASS
gpu_eigts_t_aos_u                      32    1     0.7153 PASS
gpu_shared_bec_aos                     32    1     0.6837 PASS
gpu_shared_bec_aos_u                   32    1     0.6843 PASS
gpu_optimized_aos                      32    1     1.3685 PASS
gpu_optimized_aos_u                    32    1     1.3684 PASS
gpu_baseline_soa                       32    1     0.6556 PASS
gpu_baseline_soa_u                     32    1     0.6554 PASS
gpu_eigts_t_soa                        32    1     0.6170 PASS
gpu_eigts_t_soa_u                      32    1     0.6178 PASS
gpu_shared_bec_soa                     32    1     0.7222 PASS
gpu_shared_bec_soa_u                   32    1     0.7218 PASS
gpu_optimized_soa                      32    1     2.3078 PASS
gpu_optimized_soa_u                    32    1     2.3067 PASS
gpu_baseline_aos                       32    2     1.4597 PASS
gpu_baseline_aos_u                     32    2     1.2769 PASS
gpu_eigts_t_aos                        32    2     1.3882 PASS
gpu_eigts_t_aos_u                      32    2     1.3820 PASS
gpu_shared_bec_aos                     32    2     1.2234 PASS
gpu_shared_bec_aos_u                   32    2     1.2244 PASS
gpu_optimized_aos                      32    2     1.5399 PASS
gpu_optimized_aos_u                    32    2     1.5339 PASS
gpu_baseline_soa                       32    2     1.2551 PASS
gpu_baseline_soa_u                     32    2     1.4137 PASS
gpu_eigts_t_soa                        32    2     1.2374 PASS
gpu_eigts_t_soa_u                      32    2     1.5013 PASS
gpu_shared_bec_soa                     32    2     1.0078 PASS
gpu_shared_bec_soa_u                   32    2     1.2262 PASS
gpu_optimized_soa                      32    2     2.3325 PASS
gpu_optimized_soa_u                    32    2     2.3409 PASS
gpu_baseline_aos                       32    4     3.0269 PASS
gpu_baseline_aos_u                     32    4     2.7590 PASS
gpu_eigts_t_aos                        32    4     2.8782 PASS
gpu_eigts_t_aos_u                      32    4     2.9092 PASS
gpu_shared_bec_aos                     32    4     2.5309 PASS
gpu_shared_bec_aos_u                   32    4     2.9669 PASS
gpu_optimized_aos                      32    4     2.0280 PASS
gpu_optimized_aos_u                    32    4     1.3955 PASS
gpu_baseline_soa                       32    4     2.5385 PASS
gpu_baseline_soa_u                     32    4     2.9649 PASS
gpu_eigts_t_soa                        32    4     2.5267 PASS
gpu_eigts_t_soa_u                      32    4     2.2036 PASS
gpu_shared_bec_soa                     32    4     2.0176 PASS
gpu_shared_bec_soa_u                   32    4     2.9960 PASS
gpu_optimized_soa                      32    4     2.5028 PASS
gpu_optimized_soa_u                    32    4     1.8352 PASS
gpu_baseline_aos                       32    8     6.0752 PASS
gpu_baseline_aos_u                     32    8     4.9804 PASS
gpu_eigts_t_aos                        32    8     5.7812 PASS
gpu_eigts_t_aos_u                      32    8     5.8843 PASS
gpu_shared_bec_aos                     32    8     5.7036 PASS
gpu_shared_bec_aos_u                   32    8     4.7664 PASS
gpu_optimized_aos                      32    8     3.7092 PASS
gpu_optimized_aos_u                    32    8     2.5056 PASS
gpu_baseline_soa                       32    8     5.2872 PASS
gpu_baseline_soa_u                     32    8     6.4690 PASS
gpu_eigts_t_soa                        32    8     5.2975 PASS
gpu_eigts_t_soa_u                      32    8     4.7892 PASS
gpu_shared_bec_soa                     32    8     4.2068 PASS
gpu_shared_bec_soa_u                   32    8     3.4636 PASS
gpu_optimized_soa                      32    8     4.2447 PASS
gpu_optimized_soa_u                    32    8     3.1970 PASS
gpu_baseline_aos                       32   16    11.2019 PASS
gpu_baseline_aos_u                     32   16     7.1894 PASS
gpu_eigts_t_aos                        32   16    10.5998 PASS
gpu_eigts_t_aos_u                      32   16     8.8236 PASS
gpu_shared_bec_aos                     32   16    10.5775 PASS
gpu_shared_bec_aos_u                   32   16     5.1018 PASS
gpu_optimized_aos                      32   16     5.9274 PASS
gpu_optimized_aos_u                    32   16     5.9685 PASS
gpu_baseline_soa                       32   16    10.6809 PASS
gpu_baseline_soa_u                     32   16    10.6938 PASS
gpu_eigts_t_soa                        32   16    10.6547 PASS
gpu_eigts_t_soa_u                      32   16     8.8323 PASS
gpu_shared_bec_soa                     32   16     8.2279 PASS
gpu_shared_bec_soa_u                   32   16     6.4765 PASS
gpu_optimized_soa                      32   16     7.2379 PASS
gpu_optimized_soa_u                    32   16     5.7107 PASS
gpu_baseline_aos                       64    1     0.7235 PASS
gpu_baseline_aos_u                     64    1     0.7233 PASS
gpu_eigts_t_aos                        64    1     0.7126 PASS
gpu_eigts_t_aos_u                      64    1     0.7129 PASS
gpu_shared_bec_aos                     64    1     0.6822 PASS
gpu_shared_bec_aos_u                   64    1     0.6819 PASS
gpu_optimized_aos                      64    1     1.3753 PASS
gpu_optimized_aos_u                    64    1     1.3756 PASS
gpu_baseline_soa                       64    1     0.6495 PASS
gpu_baseline_soa_u                     64    1     0.6500 PASS
gpu_eigts_t_soa                        64    1     0.6114 PASS
gpu_eigts_t_soa_u                      64    1     0.6116 PASS
gpu_shared_bec_soa                     64    1     0.7190 PASS
gpu_shared_bec_soa_u                   64    1     0.7193 PASS
gpu_optimized_soa                      64    1     2.3006 PASS
gpu_optimized_soa_u                    64    1     2.3010 PASS
gpu_baseline_aos                       64    2     1.4615 PASS
gpu_baseline_aos_u                     64    2     1.2741 PASS
gpu_eigts_t_aos                        64    2     1.3859 PASS
gpu_eigts_t_aos_u                      64    2     1.3805 PASS
gpu_shared_bec_aos                     64    2     1.2274 PASS
gpu_shared_bec_aos_u                   64    2     1.2262 PASS
gpu_optimized_aos                      64    2     1.5408 PASS
gpu_optimized_aos_u                    64    2     1.5358 PASS
gpu_baseline_soa                       64    2     1.2497 PASS
gpu_baseline_soa_u                     64    2     1.4054 PASS
gpu_eigts_t_soa                        64    2     1.2321 PASS
gpu_eigts_t_soa_u                      64    2     1.4974 PASS
gpu_shared_bec_soa                     64    2     1.0001 PASS
gpu_shared_bec_soa_u                   64    2     1.2212 PASS
gpu_optimized_soa                      64    2     2.3630 PASS
gpu_optimized_soa_u                    64    2     2.3711 PASS
gpu_baseline_aos                       64    4     3.0147 PASS
gpu_baseline_aos_u                     64    4     2.7502 PASS
gpu_eigts_t_aos                        64    4     2.8644 PASS
gpu_eigts_t_aos_u                      64    4     2.8964 PASS
gpu_shared_bec_aos                     64    4     2.5275 PASS
gpu_shared_bec_aos_u                   64    4     2.9790 PASS
gpu_optimized_aos                      64    4     2.0231 PASS
gpu_optimized_aos_u                    64    4     1.3867 PASS
gpu_baseline_soa                       64    4     2.5191 PASS
gpu_baseline_soa_u                     64    4     2.9498 PASS
gpu_eigts_t_soa                        64    4     2.5096 PASS
gpu_eigts_t_soa_u                      64    4     2.1998 PASS
gpu_shared_bec_soa                     64    4     2.0123 PASS
gpu_shared_bec_soa_u                   64    4     3.0031 PASS
gpu_optimized_soa                      64    4     2.4713 PASS
gpu_optimized_soa_u                    64    4     1.8169 PASS
gpu_baseline_aos                       64    8     6.1047 PASS
gpu_baseline_aos_u                     64    8     4.9729 PASS
gpu_eigts_t_aos                        64    8     5.7791 PASS
gpu_eigts_t_aos_u                      64    8     5.8810 PASS
gpu_shared_bec_aos                     64    8     5.7172 PASS
gpu_shared_bec_aos_u                   64    8     4.7784 PASS
gpu_optimized_aos                      64    8     3.5987 PASS
gpu_optimized_aos_u                    64    8     2.4514 PASS
gpu_baseline_soa                       64    8     5.2761 PASS
gpu_baseline_soa_u                     64    8     6.4253 PASS
gpu_eigts_t_soa                        64    8     5.2783 PASS
gpu_eigts_t_soa_u                      64    8     4.7448 PASS
gpu_shared_bec_soa                     64    8     4.2035 PASS
gpu_shared_bec_soa_u                   64    8     3.4376 PASS
gpu_optimized_soa                      64    8     4.1514 PASS
gpu_optimized_soa_u                    64    8     3.1430 PASS
gpu_baseline_aos                       64   16    11.6222 PASS
gpu_baseline_aos_u                     64   16     7.3722 PASS
gpu_eigts_t_aos                        64   16    11.0324 PASS
gpu_eigts_t_aos_u                      64   16     9.1332 PASS
gpu_shared_bec_aos                     64   16    10.9121 PASS
gpu_shared_bec_aos_u                   64   16     5.0150 PASS
gpu_optimized_aos                      64   16     7.4672 PASS
gpu_optimized_aos_u                    64   16     7.4917 PASS
gpu_baseline_soa                       64   16    10.7666 PASS
gpu_baseline_soa_u                     64   16    10.7583 PASS
gpu_eigts_t_soa                        64   16    10.7594 PASS
gpu_eigts_t_soa_u                      64   16     8.9110 PASS
gpu_shared_bec_soa                     64   16     8.3617 PASS
gpu_shared_bec_soa_u                   64   16     6.3481 PASS
gpu_optimized_soa                      64   16     8.7251 PASS
gpu_optimized_soa_u                    64   16     6.6925 PASS
gpu_baseline_aos                      128    1     0.7251 PASS
gpu_baseline_aos_u                    128    1     0.7254 PASS
gpu_eigts_t_aos                       128    1     0.7152 PASS
gpu_eigts_t_aos_u                     128    1     0.7150 PASS
gpu_shared_bec_aos                    128    1     0.6845 PASS
gpu_shared_bec_aos_u                  128    1     0.6845 PASS
gpu_optimized_aos                     128    1     1.3834 PASS
gpu_optimized_aos_u                   128    1     1.3852 PASS
gpu_baseline_soa                      128    1     0.6520 PASS
gpu_baseline_soa_u                    128    1     0.6518 PASS
gpu_eigts_t_soa                       128    1     0.6153 PASS
gpu_eigts_t_soa_u                     128    1     0.6158 PASS
gpu_shared_bec_soa                    128    1     0.7240 PASS
gpu_shared_bec_soa_u                  128    1     0.7226 PASS
gpu_optimized_soa                     128    1     2.4463 PASS
gpu_optimized_soa_u                   128    1     2.4469 PASS
gpu_baseline_aos                      128    2     1.4593 PASS
gpu_baseline_aos_u                    128    2     1.2725 PASS
gpu_eigts_t_aos                       128    2     1.3837 PASS
gpu_eigts_t_aos_u                     128    2     1.3767 PASS
gpu_shared_bec_aos                    128    2     1.2322 PASS
gpu_shared_bec_aos_u                  128    2     1.2309 PASS
gpu_optimized_aos                     128    2     1.5317 PASS
gpu_optimized_aos_u                   128    2     1.5259 PASS
gpu_baseline_soa                      128    2     1.2462 PASS
gpu_baseline_soa_u                    128    2     1.4041 PASS
gpu_eigts_t_soa                       128    2     1.2290 PASS
gpu_eigts_t_soa_u                     128    2     1.4935 PASS
gpu_shared_bec_soa                    128    2     1.0011 PASS
gpu_shared_bec_soa_u                  128    2     1.2204 PASS
gpu_optimized_soa                     128    2     2.3014 PASS
gpu_optimized_soa_u                   128    2     2.3086 PASS
gpu_baseline_aos                      128    4     3.0278 PASS
gpu_baseline_aos_u                    128    4     2.7483 PASS
gpu_eigts_t_aos                       128    4     2.8657 PASS
gpu_eigts_t_aos_u                     128    4     2.8979 PASS
gpu_shared_bec_aos                    128    4     2.5101 PASS
gpu_shared_bec_aos_u                  128    4     2.9021 PASS
gpu_optimized_aos                     128    4     2.0844 PASS
gpu_optimized_aos_u                   128    4     1.4312 PASS
gpu_baseline_soa                      128    4     2.5219 PASS
gpu_baseline_soa_u                    128    4     2.9519 PASS
gpu_eigts_t_soa                       128    4     2.5160 PASS
gpu_eigts_t_soa_u                     128    4     2.1955 PASS
gpu_shared_bec_soa                    128    4     2.0198 PASS
gpu_shared_bec_soa_u                  128    4     2.9568 PASS
gpu_optimized_soa                     128    4     2.5113 PASS
gpu_optimized_soa_u                   128    4     1.8788 PASS
gpu_baseline_aos                      128    8     6.1866 PASS
gpu_baseline_aos_u                    128    8     5.0493 PASS
gpu_eigts_t_aos                       128    8     5.8586 PASS
gpu_eigts_t_aos_u                     128    8     5.9581 PASS
gpu_shared_bec_aos                    128    8     5.7511 PASS
gpu_shared_bec_aos_u                  128    8     4.7788 PASS
gpu_optimized_aos                     128    8     4.0811 PASS
gpu_optimized_aos_u                   128    8     2.8135 PASS
gpu_baseline_soa                      128    8     5.3464 PASS
gpu_baseline_soa_u                    128    8     6.5297 PASS
gpu_eigts_t_soa                       128    8     5.3374 PASS
gpu_eigts_t_soa_u                     128    8     4.8360 PASS
gpu_shared_bec_soa                    128    8     4.2516 PASS
gpu_shared_bec_soa_u                  128    8     3.3711 PASS
gpu_optimized_soa                     128    8     4.9316 PASS
gpu_optimized_soa_u                   128    8     3.6379 PASS
gpu_baseline_aos                      128   16    11.7412 PASS
gpu_baseline_aos_u                    128   16     7.4449 PASS
gpu_eigts_t_aos                       128   16    11.1725 PASS
gpu_eigts_t_aos_u                     128   16     9.2509 PASS
gpu_shared_bec_aos                    128   16    10.9753 PASS
gpu_shared_bec_aos_u                  128   16     5.1329 PASS
gpu_optimized_aos                     128   16     8.3367 PASS
gpu_optimized_aos_u                   128   16     8.3013 PASS
gpu_baseline_soa                      128   16    11.0067 PASS
gpu_baseline_soa_u                    128   16    10.9863 PASS
gpu_eigts_t_soa                       128   16    10.9861 PASS
gpu_eigts_t_soa_u                     128   16     9.2404 PASS
gpu_shared_bec_soa                    128   16     8.6034 PASS
gpu_shared_bec_soa_u                  128   16     6.7175 PASS
gpu_optimized_soa                     128   16     9.9820 PASS
gpu_optimized_soa_u                   128   16     7.5771 PASS
gpu_baseline_aos                      256    1     0.7245 PASS
gpu_baseline_aos_u                    256    1     0.7243 PASS
gpu_eigts_t_aos                       256    1     0.7151 PASS
gpu_eigts_t_aos_u                     256    1     0.7141 PASS
gpu_shared_bec_aos                    256    1     0.6800 PASS
gpu_shared_bec_aos_u                  256    1     0.6806 PASS
gpu_optimized_aos                     256    1     1.3921 PASS
gpu_optimized_aos_u                   256    1     1.3922 PASS
gpu_baseline_soa                      256    1     0.6486 PASS
gpu_baseline_soa_u                    256    1     0.6485 PASS
gpu_eigts_t_soa                       256    1     0.6132 PASS
gpu_eigts_t_soa_u                     256    1     0.6134 PASS
gpu_shared_bec_soa                    256    1     0.7176 PASS
gpu_shared_bec_soa_u                  256    1     0.7184 PASS
gpu_optimized_soa                     256    1     2.3276 PASS
gpu_optimized_soa_u                   256    1     2.3260 PASS
gpu_baseline_aos                      256    2     1.4685 PASS
gpu_baseline_aos_u                    256    2     1.2771 PASS
gpu_eigts_t_aos                       256    2     1.3856 PASS
gpu_eigts_t_aos_u                     256    2     1.3804 PASS
gpu_shared_bec_aos                    256    2     1.2106 PASS
gpu_shared_bec_aos_u                  256    2     1.2098 PASS
gpu_optimized_aos                     256    2     1.5795 PASS
gpu_optimized_aos_u                   256    2     1.5724 PASS
gpu_baseline_soa                      256    2     1.2510 PASS
gpu_baseline_soa_u                    256    2     1.4104 PASS
gpu_eigts_t_soa                       256    2     1.2344 PASS
gpu_eigts_t_soa_u                     256    2     1.4975 PASS
gpu_shared_bec_soa                    256    2     1.0006 PASS
gpu_shared_bec_soa_u                  256    2     1.2183 PASS
gpu_optimized_soa                     256    2     2.4340 PASS
gpu_optimized_soa_u                   256    2     2.4413 PASS
gpu_baseline_aos                      256    4     3.0721 PASS
gpu_baseline_aos_u                    256    4     2.7994 PASS
gpu_eigts_t_aos                       256    4     2.9232 PASS
gpu_eigts_t_aos_u                     256    4     2.9527 PASS
gpu_shared_bec_aos                    256    4     2.5493 PASS
gpu_shared_bec_aos_u                  256    4     2.9459 PASS
gpu_optimized_aos                     256    4     2.2530 PASS
gpu_optimized_aos_u                   256    4     1.5837 PASS
gpu_baseline_soa                      256    4     2.5664 PASS
gpu_baseline_soa_u                    256    4     3.0150 PASS
gpu_eigts_t_soa                       256    4     2.5631 PASS
gpu_eigts_t_soa_u                     256    4     2.2510 PASS
gpu_shared_bec_soa                    256    4     2.0451 PASS
gpu_shared_bec_soa_u                  256    4     3.0000 PASS
gpu_optimized_soa                     256    4     2.9968 PASS
gpu_optimized_soa_u                   256    4     2.4102 PASS
gpu_baseline_aos                      256    8     6.2277 PASS
gpu_baseline_aos_u                    256    8     5.1370 PASS
gpu_eigts_t_aos                       256    8     5.9258 PASS
gpu_eigts_t_aos_u                     256    8     6.0208 PASS
gpu_shared_bec_aos                    256    8     5.7881 PASS
gpu_shared_bec_aos_u                  256    8     4.8625 PASS
gpu_optimized_aos                     256    8     4.3471 PASS
gpu_optimized_aos_u                   256    8     3.0825 PASS
gpu_baseline_soa                      256    8     5.4670 PASS
gpu_baseline_soa_u                    256    8     6.6384 PASS
gpu_eigts_t_soa                       256    8     5.4520 PASS
gpu_eigts_t_soa_u                     256    8     5.0013 PASS
gpu_shared_bec_soa                    256    8     4.3436 PASS
gpu_shared_bec_soa_u                  256    8     3.5918 PASS
gpu_optimized_soa                     256    8     5.8310 PASS
gpu_optimized_soa_u                   256    8     4.8799 PASS
gpu_baseline_aos                      256   16    11.8827 PASS
gpu_baseline_aos_u                    256   16     7.7420 PASS
gpu_eigts_t_aos                       256   16    11.2946 PASS
gpu_eigts_t_aos_u                     256   16     9.4332 PASS
gpu_shared_bec_aos                    256   16    11.0203 PASS
gpu_shared_bec_aos_u                  256   16     5.7158 PASS
gpu_optimized_aos                     256   16     9.0629 PASS
gpu_optimized_aos_u                   256   16     8.9922 PASS
gpu_baseline_soa                      256   16    11.9208 PASS
gpu_baseline_soa_u                    256   16    11.9071 PASS
gpu_eigts_t_soa                       256   16    11.8804 PASS
gpu_eigts_t_soa_u                     256   16    10.4584 PASS
gpu_shared_bec_soa                    256   16     9.7731 PASS
gpu_shared_bec_soa_u                  256   16     8.6803 PASS
gpu_optimized_soa                     256   16    11.6809 PASS
gpu_optimized_soa_u                   256   16     9.1931 PASS
gpu_baseline_aos                      512    1     0.7253 PASS
gpu_baseline_aos_u                    512    1     0.7245 PASS
gpu_eigts_t_aos                       512    1     0.7129 PASS
gpu_eigts_t_aos_u                     512    1     0.7130 PASS
gpu_shared_bec_aos                    512    1     0.6801 PASS
gpu_shared_bec_aos_u                  512    1     0.6806 PASS
gpu_optimized_aos                     512    1     1.3965 PASS
gpu_optimized_aos_u                   512    1     1.3983 PASS
gpu_baseline_soa                      512    1     0.6508 PASS
gpu_baseline_soa_u                    512    1     0.6504 PASS
gpu_eigts_t_soa                       512    1     0.6148 PASS
gpu_eigts_t_soa_u                     512    1     0.6159 PASS
gpu_shared_bec_soa                    512    1     0.7225 PASS
gpu_shared_bec_soa_u                  512    1     0.7211 PASS
gpu_optimized_soa                     512    1     2.4203 PASS
gpu_optimized_soa_u                   512    1     2.4204 PASS
gpu_baseline_aos                      512    2     1.5032 PASS
gpu_baseline_aos_u                    512    2     1.3047 PASS
gpu_eigts_t_aos                       512    2     1.4190 PASS
gpu_eigts_t_aos_u                     512    2     1.4111 PASS
gpu_shared_bec_aos                    512    2     1.2374 PASS
gpu_shared_bec_aos_u                  512    2     1.2382 PASS
gpu_optimized_aos                     512    2     1.7261 PASS
gpu_optimized_aos_u                   512    2     1.7123 PASS
gpu_baseline_soa                      512    2     1.2794 PASS
gpu_baseline_soa_u                    512    2     1.4546 PASS
gpu_eigts_t_soa                       512    2     1.2675 PASS
gpu_eigts_t_soa_u                     512    2     1.5453 PASS
gpu_shared_bec_soa                    512    2     1.0304 PASS
gpu_shared_bec_soa_u                  512    2     1.2467 PASS
gpu_optimized_soa                     512    2     2.8820 PASS
gpu_optimized_soa_u                   512    2     2.9083 PASS
gpu_baseline_aos                      512    4     3.1264 PASS
gpu_baseline_aos_u                    512    4     2.8558 PASS
gpu_eigts_t_aos                       512    4     2.9705 PASS
gpu_eigts_t_aos_u                     512    4     2.9980 PASS
gpu_shared_bec_aos                    512    4     2.6018 PASS
gpu_shared_bec_aos_u                  512    4     2.9932 PASS
gpu_optimized_aos                     512    4     2.9079 PASS
gpu_optimized_aos_u                   512    4     2.4196 PASS
gpu_baseline_soa                      512    4     2.6785 PASS
gpu_baseline_soa_u                    512    4     3.1203 PASS
gpu_eigts_t_soa                       512    4     2.6796 PASS
gpu_eigts_t_soa_u                     512    4     2.4005 PASS
gpu_shared_bec_soa                    512    4     2.2135 PASS
gpu_shared_bec_soa_u                  512    4     3.0849 PASS
gpu_optimized_soa                     512    4     4.7284 PASS
gpu_optimized_soa_u                   512    4     4.4732 PASS
gpu_baseline_aos                      512    8     6.5490 PASS
gpu_baseline_aos_u                    512    8     5.6287 PASS
gpu_eigts_t_aos                       512    8     6.2603 PASS
gpu_eigts_t_aos_u                     512    8     6.3497 PASS
gpu_shared_bec_aos                    512    8     6.0976 PASS
gpu_shared_bec_aos_u                  512    8     5.3579 PASS
gpu_optimized_aos                     512    8     5.1351 PASS
gpu_optimized_aos_u                   512    8     4.1552 PASS
gpu_baseline_soa                      512    8     6.0215 PASS
gpu_baseline_soa_u                    512    8     7.0913 PASS
gpu_eigts_t_soa                       512    8     6.0059 PASS
gpu_eigts_t_soa_u                     512    8     5.7290 PASS
gpu_shared_bec_soa                    512    8     5.0694 PASS
gpu_shared_bec_soa_u                  512    8     4.7479 PASS
gpu_optimized_soa                     512    8     7.9342 PASS
gpu_optimized_soa_u                   512    8     7.2147 PASS
gpu_baseline_aos                      512   16    12.5844 PASS
gpu_baseline_aos_u                    512   16     9.3568 PASS
gpu_eigts_t_aos                       512   16    12.0469 PASS
gpu_eigts_t_aos_u                     512   16    10.5629 PASS
gpu_shared_bec_aos                    512   16    11.7661 PASS
gpu_shared_bec_aos_u                  512   16     8.3656 PASS
gpu_optimized_aos                     512   16    10.2276 PASS
gpu_optimized_aos_u                   512   16    10.0515 PASS
gpu_baseline_soa                      512   16    16.4906 PASS
gpu_baseline_soa_u                    512   16    16.3648 PASS
gpu_eigts_t_soa                       512   16    16.3880 PASS
gpu_eigts_t_soa_u                     512   16    16.1972 PASS
gpu_shared_bec_soa                    512   16    15.7385 PASS
gpu_shared_bec_soa_u                  512   16    15.6988 PASS
gpu_optimized_soa                     512   16    15.4508 PASS
gpu_optimized_soa_u                   512   16    13.7371 PASS
gpu_baseline_aos                     1024    1     0.7539 PASS
gpu_baseline_aos_u                   1024    1     0.7549 PASS
gpu_eigts_t_aos                      1024    1     0.7443 PASS
gpu_eigts_t_aos_u                    1024    1     0.7435 PASS
gpu_shared_bec_aos                   1024    1     0.7073 PASS
gpu_shared_bec_aos_u                 1024    1     0.7068 PASS
gpu_optimized_aos                    1024    1     1.7380 PASS
gpu_optimized_aos_u                  1024    1     1.7417 PASS
gpu_baseline_soa                     1024    1     0.6903 PASS
gpu_baseline_soa_u                   1024    1     0.6902 PASS
gpu_eigts_t_soa                      1024    1     0.6445 PASS
gpu_eigts_t_soa_u                    1024    1     0.6444 PASS
gpu_shared_bec_soa                   1024    1     0.7491 PASS
gpu_shared_bec_soa_u                 1024    1     0.7488 PASS
gpu_optimized_soa                    1024    1     3.2761 PASS
gpu_optimized_soa_u                  1024    1     3.2681 PASS
gpu_baseline_aos                     1024    2     1.5628 PASS
gpu_baseline_aos_u                   1024    2     1.3796 PASS
gpu_eigts_t_aos                      1024    2     1.4775 PASS
gpu_eigts_t_aos_u                    1024    2     1.4714 PASS
gpu_shared_bec_aos                   1024    2     1.3029 PASS
gpu_shared_bec_aos_u                 1024    2     1.3025 PASS
gpu_optimized_aos                    1024    2     3.3502 PASS
gpu_optimized_aos_u                  1024    2     3.3771 PASS
gpu_baseline_soa                     1024    2     1.3656 PASS
gpu_baseline_soa_u                   1024    2     1.5922 PASS
gpu_eigts_t_soa                      1024    2     1.3908 PASS
gpu_eigts_t_soa_u                    1024    2     1.6881 PASS
gpu_shared_bec_soa                   1024    2     1.1294 PASS
gpu_shared_bec_soa_u                 1024    2     1.3261 PASS
gpu_optimized_soa                    1024    2     5.9875 PASS
gpu_optimized_soa_u                  1024    2     6.0149 PASS
gpu_baseline_aos                     1024    4     3.3897 PASS
gpu_baseline_aos_u                   1024    4     3.1861 PASS
gpu_eigts_t_aos                      1024    4     3.2669 PASS
gpu_eigts_t_aos_u                    1024    4     3.2921 PASS
gpu_shared_bec_aos                   1024    4     2.9239 PASS
gpu_shared_bec_aos_u                 1024    4     3.2380 PASS
gpu_optimized_aos                    1024    4     4.1718 PASS
gpu_optimized_aos_u                  1024    4     4.0249 PASS
gpu_baseline_soa                     1024    4     3.1073 PASS
gpu_baseline_soa_u                   1024    4     3.6059 PASS
gpu_eigts_t_soa                      1024    4     3.1866 PASS
gpu_eigts_t_soa_u                    1024    4     3.0466 PASS
gpu_shared_bec_soa                   1024    4     2.6976 PASS
gpu_shared_bec_soa_u                 1024    4     3.3428 PASS
gpu_optimized_soa                    1024    4     8.3624 PASS
gpu_optimized_soa_u                  1024    4     7.4793 PASS
gpu_baseline_aos                     1024    8     8.7581 PASS
gpu_baseline_aos_u                   1024    8     8.7231 PASS
gpu_eigts_t_aos                      1024    8     8.7244 PASS
gpu_eigts_t_aos_u                    1024    8     8.7357 PASS
gpu_shared_bec_aos                   1024    8     8.3261 PASS
gpu_shared_bec_aos_u                 1024    8     0.0050 FAIL
gpu_optimized_aos                    1024    8     8.1712 PASS
gpu_optimized_aos_u                  1024    8     7.6181 PASS
gpu_baseline_soa                     1024    8     9.3788 PASS
gpu_baseline_soa_u                   1024    8     9.9048 PASS
gpu_eigts_t_soa                      1024    8     9.3721 PASS
gpu_eigts_t_soa_u                    1024    8     9.4377 PASS
gpu_shared_bec_soa                   1024    8     8.8228 PASS
gpu_shared_bec_soa_u                 1024    8     0.0050 FAIL
gpu_optimized_soa                    1024    8    15.3638 PASS
gpu_optimized_soa_u                  1024    8    14.1740 PASS
gpu_baseline_aos                     1024   16    17.4441 PASS
gpu_baseline_aos_u                   1024   16    17.3909 PASS
gpu_eigts_t_aos                      1024   16    17.3822 PASS
gpu_eigts_t_aos_u                    1024   16    17.3611 PASS
gpu_shared_bec_aos                   1024   16    16.6846 PASS
gpu_shared_bec_aos_u                 1024   16     0.0050 FAIL
gpu_optimized_aos                    1024   16    14.1206 PASS
gpu_optimized_aos_u                  1024   16    13.9629 PASS
gpu_baseline_soa                     1024   16    32.1116 PASS
gpu_baseline_soa_u                   1024   16    32.0748 PASS
gpu_eigts_t_soa                      1024   16    32.0200 PASS
gpu_eigts_t_soa_u                    1024   16    31.9737 PASS
gpu_shared_bec_soa                   1024   16    31.1781 PASS
gpu_shared_bec_soa_u                 1024   16     0.0050 FAIL
gpu_optimized_soa                    1024   16    27.2990 PASS
gpu_optimized_soa_u                  1024   16    25.0413 PASS

Done. CSV: addusxx_gpu_sweep.csv
